<?xml version="1.0" encoding="UTF-8"?>
<robot generator="Robot 3.0.4 (Python 3.7.4 on win32)" generated="20200515 17:40:52.755">
<suite id="s1" name="Project AT test" source="C:\Users\mark\Desktop\miis-master\Project AT test">
<suite id="s1-s1" name="TC01-Login success test" source="C:\Users\mark\Desktop\miis-master\Project AT test\TC01-Login success test.robot">
<test id="s1-s1-t1" name="Login success test">
<kw name="Run Keywords" library="BuiltIn" type="setup">
<doc>Executes all the given keywords in a sequence.</doc>
<arguments>
<arg>Open Browser</arg>
<arg>http://localhost:4200/</arg>
<arg>chrome</arg>
<arg>AND</arg>
<arg>Maximize Browser Window</arg>
</arguments>
<kw name="Open Browser" library="SeleniumLibrary">
<doc>Opens a new browser instance to the given ``url``.</doc>
<arguments>
<arg>http://localhost:4200/</arg>
<arg>chrome</arg>
</arguments>
<msg timestamp="20200515 17:40:52.985" level="INFO">Opening browser 'chrome' to base url 'http://localhost:4200/'.</msg>
<status status="PASS" starttime="20200515 17:40:52.984" endtime="20200515 17:40:57.260"></status>
</kw>
<kw name="Maximize Browser Window" library="SeleniumLibrary">
<doc>Maximizes current browser window.</doc>
<status status="PASS" starttime="20200515 17:40:57.260" endtime="20200515 17:40:58.404"></status>
</kw>
<status status="PASS" starttime="20200515 17:40:52.984" endtime="20200515 17:40:58.405"></status>
</kw>
<kw name="Login To The Page" library="Keyword">
<arguments>
<arg>userName=&amp;{adminAccount}[userName]</arg>
<arg>password=&amp;{adminAccount}[password]</arg>
</arguments>
<kw name="Input Text" library="SeleniumLibrary">
<doc>Types the given ``text`` into text field identified by ``locator``.</doc>
<arguments>
<arg>id=float-inputUser</arg>
<arg>${userName}</arg>
</arguments>
<msg timestamp="20200515 17:40:58.409" level="INFO">Typing text 'admin' into text field 'id=float-inputUser'.</msg>
<status status="PASS" starttime="20200515 17:40:58.407" endtime="20200515 17:40:58.563"></status>
</kw>
<kw name="Sleep" library="BuiltIn">
<doc>Pauses the test executed for the given time.</doc>
<arguments>
<arg>1</arg>
</arguments>
<msg timestamp="20200515 17:40:59.564" level="INFO">Slept 1 second</msg>
<status status="PASS" starttime="20200515 17:40:58.563" endtime="20200515 17:40:59.564"></status>
</kw>
<kw name="Run Keyword If" library="BuiltIn">
<doc>Runs the given keyword with the given arguments, if ``condition`` is true.</doc>
<arguments>
<arg>'${password}'!='${EMPTY}'</arg>
<arg>Input Text</arg>
<arg>id=float-inputPass</arg>
<arg>${password}</arg>
</arguments>
<kw name="Input Text" library="SeleniumLibrary">
<doc>Types the given ``text`` into text field identified by ``locator``.</doc>
<arguments>
<arg>id=float-inputPass</arg>
<arg>${password}</arg>
</arguments>
<msg timestamp="20200515 17:40:59.566" level="INFO">Typing text 'admin' into text field 'id=float-inputPass'.</msg>
<status status="PASS" starttime="20200515 17:40:59.565" endtime="20200515 17:40:59.675"></status>
</kw>
<status status="PASS" starttime="20200515 17:40:59.564" endtime="20200515 17:40:59.675"></status>
</kw>
<kw name="Click Button After It Is Visible" library="Keyword">
<arguments>
<arg>//button[normalize-space()='Login']</arg>
</arguments>
<kw name="Wait Until Element Is Visible On Page" library="Keyword">
<arguments>
<arg>${xpath}</arg>
<arg>${shortPeriodOfTime}</arg>
<arg>error=Login successfully should be shown.</arg>
</arguments>
<kw name="Wait Until Page Contains Element" library="SeleniumLibrary">
<doc>Waits until element ``locator`` appears on current page.</doc>
<arguments>
<arg>${xpath}</arg>
<arg>${timeout}</arg>
<arg>${error}</arg>
</arguments>
<status status="PASS" starttime="20200515 17:40:59.677" endtime="20200515 17:40:59.689"></status>
</kw>
<kw name="Wait Until Element Is Visible" library="SeleniumLibrary">
<doc>Waits until element ``locator`` is visible.</doc>
<arguments>
<arg>${xpath}</arg>
<arg>${timeout}</arg>
<arg>${error}</arg>
</arguments>
<status status="PASS" starttime="20200515 17:40:59.689" endtime="20200515 17:40:59.715"></status>
</kw>
<status status="PASS" starttime="20200515 17:40:59.676" endtime="20200515 17:40:59.716"></status>
</kw>
<kw name="Click Button" library="SeleniumLibrary">
<doc>Clicks button identified by ``locator``.</doc>
<arguments>
<arg>${xpath}</arg>
</arguments>
<msg timestamp="20200515 17:40:59.716" level="INFO">Clicking button '//button[normalize-space()='Login']'.</msg>
<status status="PASS" starttime="20200515 17:40:59.716" endtime="20200515 17:40:59.831"></status>
</kw>
<kw name="Sleep" library="BuiltIn">
<doc>Pauses the test executed for the given time.</doc>
<arguments>
<arg>1</arg>
</arguments>
<msg timestamp="20200515 17:41:00.833" level="INFO">Slept 1 second</msg>
<status status="PASS" starttime="20200515 17:40:59.831" endtime="20200515 17:41:00.833"></status>
</kw>
<status status="PASS" starttime="20200515 17:40:59.676" endtime="20200515 17:41:00.833"></status>
</kw>
<kw name="Sleep" library="BuiltIn">
<doc>Pauses the test executed for the given time.</doc>
<arguments>
<arg>1</arg>
</arguments>
<msg timestamp="20200515 17:41:01.835" level="INFO">Slept 1 second</msg>
<status status="PASS" starttime="20200515 17:41:00.834" endtime="20200515 17:41:01.835"></status>
</kw>
<status status="PASS" starttime="20200515 17:40:58.406" endtime="20200515 17:41:01.836"></status>
</kw>
<kw name="Success Should be Visible" library="Keyword">
<arguments>
<arg>Login successfully</arg>
</arguments>
<kw name="Wait Until Page Contains Element" library="SeleniumLibrary">
<doc>Waits until element ``locator`` appears on current page.</doc>
<arguments>
<arg>//*[@class='ui-toast-summary' and normalize-space()='${message}']</arg>
<arg>${shortPeriodOfTime}</arg>
<arg>error=Login successfully should be shown.</arg>
</arguments>
<status status="PASS" starttime="20200515 17:41:01.837" endtime="20200515 17:41:01.848"></status>
</kw>
<kw name="Wait Until Element Is Visible" library="SeleniumLibrary">
<doc>Waits until element ``locator`` is visible.</doc>
<arguments>
<arg>//*[@class='ui-toast-summary' and normalize-space()='${message}']</arg>
<arg>${shortPeriodOfTime}</arg>
<arg>error=Login successfully should be shown.</arg>
</arguments>
<status status="PASS" starttime="20200515 17:41:01.848" endtime="20200515 17:41:01.872"></status>
</kw>
<kw name="Sleep" library="BuiltIn">
<doc>Pauses the test executed for the given time.</doc>
<arguments>
<arg>1</arg>
</arguments>
<msg timestamp="20200515 17:41:02.873" level="INFO">Slept 1 second</msg>
<status status="PASS" starttime="20200515 17:41:01.872" endtime="20200515 17:41:02.874"></status>
</kw>
<status status="PASS" starttime="20200515 17:41:01.836" endtime="20200515 17:41:02.875"></status>
</kw>
<kw name="Close Browser" library="SeleniumLibrary" type="teardown">
<doc>Closes the current browser.</doc>
<status status="PASS" starttime="20200515 17:41:02.877" endtime="20200515 17:41:05.073"></status>
</kw>
<status status="PASS" starttime="20200515 17:40:52.983" endtime="20200515 17:41:05.074" critical="yes"></status>
</test>
<status status="PASS" starttime="20200515 17:40:52.824" endtime="20200515 17:41:05.077"></status>
</suite>
<suite id="s1-s2" name="TC02-Login fail test" source="C:\Users\mark\Desktop\miis-master\Project AT test\TC02-Login fail test.robot">
<test id="s1-s2-t1" name="Login fail test">
<kw name="Run Keywords" library="BuiltIn" type="setup">
<doc>Executes all the given keywords in a sequence.</doc>
<arguments>
<arg>Open Browser</arg>
<arg>http://localhost:4200/</arg>
<arg>chrome</arg>
<arg>AND</arg>
<arg>Maximize Browser Window</arg>
</arguments>
<kw name="Open Browser" library="SeleniumLibrary">
<doc>Opens a new browser instance to the given ``url``.</doc>
<arguments>
<arg>http://localhost:4200/</arg>
<arg>chrome</arg>
</arguments>
<msg timestamp="20200515 17:41:05.116" level="INFO">Opening browser 'chrome' to base url 'http://localhost:4200/'.</msg>
<status status="PASS" starttime="20200515 17:41:05.115" endtime="20200515 17:41:09.425"></status>
</kw>
<kw name="Maximize Browser Window" library="SeleniumLibrary">
<doc>Maximizes current browser window.</doc>
<status status="PASS" starttime="20200515 17:41:09.426" endtime="20200515 17:41:10.568"></status>
</kw>
<status status="PASS" starttime="20200515 17:41:05.113" endtime="20200515 17:41:10.568"></status>
</kw>
<kw name="Login To The Page" library="Keyword">
<arguments>
<arg>userName=failAdmin</arg>
</arguments>
<kw name="Input Text" library="SeleniumLibrary">
<doc>Types the given ``text`` into text field identified by ``locator``.</doc>
<arguments>
<arg>id=float-inputUser</arg>
<arg>${userName}</arg>
</arguments>
<msg timestamp="20200515 17:41:10.570" level="INFO">Typing text 'failAdmin' into text field 'id=float-inputUser'.</msg>
<status status="PASS" starttime="20200515 17:41:10.569" endtime="20200515 17:41:10.780"></status>
</kw>
<kw name="Sleep" library="BuiltIn">
<doc>Pauses the test executed for the given time.</doc>
<arguments>
<arg>1</arg>
</arguments>
<msg timestamp="20200515 17:41:11.783" level="INFO">Slept 1 second</msg>
<status status="PASS" starttime="20200515 17:41:10.781" endtime="20200515 17:41:11.783"></status>
</kw>
<kw name="Run Keyword If" library="BuiltIn">
<doc>Runs the given keyword with the given arguments, if ``condition`` is true.</doc>
<arguments>
<arg>'${password}'!='${EMPTY}'</arg>
<arg>Input Text</arg>
<arg>id=float-inputPass</arg>
<arg>${password}</arg>
</arguments>
<status status="PASS" starttime="20200515 17:41:11.783" endtime="20200515 17:41:11.784"></status>
</kw>
<kw name="Click Button After It Is Visible" library="Keyword">
<arguments>
<arg>//button[normalize-space()='Login']</arg>
</arguments>
<kw name="Wait Until Element Is Visible On Page" library="Keyword">
<arguments>
<arg>${xpath}</arg>
<arg>${shortPeriodOfTime}</arg>
<arg>error=Login successfully should be shown.</arg>
</arguments>
<kw name="Wait Until Page Contains Element" library="SeleniumLibrary">
<doc>Waits until element ``locator`` appears on current page.</doc>
<arguments>
<arg>${xpath}</arg>
<arg>${timeout}</arg>
<arg>${error}</arg>
</arguments>
<status status="PASS" starttime="20200515 17:41:11.786" endtime="20200515 17:41:11.799"></status>
</kw>
<kw name="Wait Until Element Is Visible" library="SeleniumLibrary">
<doc>Waits until element ``locator`` is visible.</doc>
<arguments>
<arg>${xpath}</arg>
<arg>${timeout}</arg>
<arg>${error}</arg>
</arguments>
<status status="PASS" starttime="20200515 17:41:11.800" endtime="20200515 17:41:11.822"></status>
</kw>
<status status="PASS" starttime="20200515 17:41:11.785" endtime="20200515 17:41:11.823"></status>
</kw>
<kw name="Click Button" library="SeleniumLibrary">
<doc>Clicks button identified by ``locator``.</doc>
<arguments>
<arg>${xpath}</arg>
</arguments>
<msg timestamp="20200515 17:41:11.823" level="INFO">Clicking button '//button[normalize-space()='Login']'.</msg>
<status status="PASS" starttime="20200515 17:41:11.823" endtime="20200515 17:41:11.917"></status>
</kw>
<kw name="Sleep" library="BuiltIn">
<doc>Pauses the test executed for the given time.</doc>
<arguments>
<arg>1</arg>
</arguments>
<msg timestamp="20200515 17:41:12.918" level="INFO">Slept 1 second</msg>
<status status="PASS" starttime="20200515 17:41:11.917" endtime="20200515 17:41:12.918"></status>
</kw>
<status status="PASS" starttime="20200515 17:41:11.784" endtime="20200515 17:41:12.919"></status>
</kw>
<kw name="Sleep" library="BuiltIn">
<doc>Pauses the test executed for the given time.</doc>
<arguments>
<arg>1</arg>
</arguments>
<msg timestamp="20200515 17:41:13.920" level="INFO">Slept 1 second</msg>
<status status="PASS" starttime="20200515 17:41:12.919" endtime="20200515 17:41:13.921"></status>
</kw>
<status status="PASS" starttime="20200515 17:41:10.569" endtime="20200515 17:41:13.922"></status>
</kw>
<kw name="Success Should be Visible" library="Keyword">
<arguments>
<arg>Login failed</arg>
</arguments>
<kw name="Wait Until Page Contains Element" library="SeleniumLibrary">
<doc>Waits until element ``locator`` appears on current page.</doc>
<arguments>
<arg>//*[@class='ui-toast-summary' and normalize-space()='${message}']</arg>
<arg>${shortPeriodOfTime}</arg>
<arg>error=Login successfully should be shown.</arg>
</arguments>
<status status="PASS" starttime="20200515 17:41:13.926" endtime="20200515 17:41:13.966"></status>
</kw>
<kw name="Wait Until Element Is Visible" library="SeleniumLibrary">
<doc>Waits until element ``locator`` is visible.</doc>
<arguments>
<arg>//*[@class='ui-toast-summary' and normalize-space()='${message}']</arg>
<arg>${shortPeriodOfTime}</arg>
<arg>error=Login successfully should be shown.</arg>
</arguments>
<status status="PASS" starttime="20200515 17:41:13.967" endtime="20200515 17:41:14.024"></status>
</kw>
<kw name="Sleep" library="BuiltIn">
<doc>Pauses the test executed for the given time.</doc>
<arguments>
<arg>1</arg>
</arguments>
<msg timestamp="20200515 17:41:15.025" level="INFO">Slept 1 second</msg>
<status status="PASS" starttime="20200515 17:41:14.025" endtime="20200515 17:41:15.026"></status>
</kw>
<status status="PASS" starttime="20200515 17:41:13.923" endtime="20200515 17:41:15.027"></status>
</kw>
<kw name="Close Browser" library="SeleniumLibrary" type="teardown">
<doc>Closes the current browser.</doc>
<status status="PASS" starttime="20200515 17:41:15.029" endtime="20200515 17:41:17.195"></status>
</kw>
<status status="PASS" starttime="20200515 17:41:05.111" endtime="20200515 17:41:17.196" critical="yes"></status>
</test>
<status status="PASS" starttime="20200515 17:41:05.083" endtime="20200515 17:41:17.197"></status>
</suite>
<suite id="s1-s3" name="TC03-Log out test" source="C:\Users\mark\Desktop\miis-master\Project AT test\TC03-Log out test.robot">
<test id="s1-s3-t1" name="Log out test">
<kw name="Run Keywords" library="BuiltIn" type="setup">
<doc>Executes all the given keywords in a sequence.</doc>
<arguments>
<arg>Open Browser</arg>
<arg>http://localhost:4200/</arg>
<arg>chrome</arg>
<arg>AND</arg>
<arg>Maximize Browser Window</arg>
</arguments>
<kw name="Open Browser" library="SeleniumLibrary">
<doc>Opens a new browser instance to the given ``url``.</doc>
<arguments>
<arg>http://localhost:4200/</arg>
<arg>chrome</arg>
</arguments>
<msg timestamp="20200515 17:41:17.231" level="INFO">Opening browser 'chrome' to base url 'http://localhost:4200/'.</msg>
<status status="PASS" starttime="20200515 17:41:17.229" endtime="20200515 17:41:21.803"></status>
</kw>
<kw name="Maximize Browser Window" library="SeleniumLibrary">
<doc>Maximizes current browser window.</doc>
<status status="PASS" starttime="20200515 17:41:21.803" endtime="20200515 17:41:22.952"></status>
</kw>
<status status="PASS" starttime="20200515 17:41:17.227" endtime="20200515 17:41:22.953"></status>
</kw>
<kw name="Login To The Page" library="Keyword">
<arguments>
<arg>userName=&amp;{adminAccount}[userName]</arg>
<arg>password=&amp;{adminAccount}[password]</arg>
</arguments>
<kw name="Input Text" library="SeleniumLibrary">
<doc>Types the given ``text`` into text field identified by ``locator``.</doc>
<arguments>
<arg>id=float-inputUser</arg>
<arg>${userName}</arg>
</arguments>
<msg timestamp="20200515 17:41:22.955" level="INFO">Typing text 'admin' into text field 'id=float-inputUser'.</msg>
<status status="PASS" starttime="20200515 17:41:22.955" endtime="20200515 17:41:23.089"></status>
</kw>
<kw name="Sleep" library="BuiltIn">
<doc>Pauses the test executed for the given time.</doc>
<arguments>
<arg>1</arg>
</arguments>
<msg timestamp="20200515 17:41:24.091" level="INFO">Slept 1 second</msg>
<status status="PASS" starttime="20200515 17:41:23.089" endtime="20200515 17:41:24.091"></status>
</kw>
<kw name="Run Keyword If" library="BuiltIn">
<doc>Runs the given keyword with the given arguments, if ``condition`` is true.</doc>
<arguments>
<arg>'${password}'!='${EMPTY}'</arg>
<arg>Input Text</arg>
<arg>id=float-inputPass</arg>
<arg>${password}</arg>
</arguments>
<kw name="Input Text" library="SeleniumLibrary">
<doc>Types the given ``text`` into text field identified by ``locator``.</doc>
<arguments>
<arg>id=float-inputPass</arg>
<arg>${password}</arg>
</arguments>
<msg timestamp="20200515 17:41:24.093" level="INFO">Typing text 'admin' into text field 'id=float-inputPass'.</msg>
<status status="PASS" starttime="20200515 17:41:24.092" endtime="20200515 17:41:24.194"></status>
</kw>
<status status="PASS" starttime="20200515 17:41:24.091" endtime="20200515 17:41:24.194"></status>
</kw>
<kw name="Click Button After It Is Visible" library="Keyword">
<arguments>
<arg>//button[normalize-space()='Login']</arg>
</arguments>
<kw name="Wait Until Element Is Visible On Page" library="Keyword">
<arguments>
<arg>${xpath}</arg>
<arg>${shortPeriodOfTime}</arg>
<arg>error=Login successfully should be shown.</arg>
</arguments>
<kw name="Wait Until Page Contains Element" library="SeleniumLibrary">
<doc>Waits until element ``locator`` appears on current page.</doc>
<arguments>
<arg>${xpath}</arg>
<arg>${timeout}</arg>
<arg>${error}</arg>
</arguments>
<status status="PASS" starttime="20200515 17:41:24.195" endtime="20200515 17:41:24.207"></status>
</kw>
<kw name="Wait Until Element Is Visible" library="SeleniumLibrary">
<doc>Waits until element ``locator`` is visible.</doc>
<arguments>
<arg>${xpath}</arg>
<arg>${timeout}</arg>
<arg>${error}</arg>
</arguments>
<status status="PASS" starttime="20200515 17:41:24.207" endtime="20200515 17:41:24.233"></status>
</kw>
<status status="PASS" starttime="20200515 17:41:24.195" endtime="20200515 17:41:24.234"></status>
</kw>
<kw name="Click Button" library="SeleniumLibrary">
<doc>Clicks button identified by ``locator``.</doc>
<arguments>
<arg>${xpath}</arg>
</arguments>
<msg timestamp="20200515 17:41:24.235" level="INFO">Clicking button '//button[normalize-space()='Login']'.</msg>
<status status="PASS" starttime="20200515 17:41:24.234" endtime="20200515 17:41:24.335"></status>
</kw>
<kw name="Sleep" library="BuiltIn">
<doc>Pauses the test executed for the given time.</doc>
<arguments>
<arg>1</arg>
</arguments>
<msg timestamp="20200515 17:41:25.335" level="INFO">Slept 1 second</msg>
<status status="PASS" starttime="20200515 17:41:24.335" endtime="20200515 17:41:25.335"></status>
</kw>
<status status="PASS" starttime="20200515 17:41:24.194" endtime="20200515 17:41:25.336"></status>
</kw>
<kw name="Sleep" library="BuiltIn">
<doc>Pauses the test executed for the given time.</doc>
<arguments>
<arg>1</arg>
</arguments>
<msg timestamp="20200515 17:41:26.338" level="INFO">Slept 1 second</msg>
<status status="PASS" starttime="20200515 17:41:25.336" endtime="20200515 17:41:26.338"></status>
</kw>
<status status="PASS" starttime="20200515 17:41:22.954" endtime="20200515 17:41:26.338"></status>
</kw>
<kw name="Success Should be Visible" library="Keyword">
<arguments>
<arg>Login successfully</arg>
</arguments>
<kw name="Wait Until Page Contains Element" library="SeleniumLibrary">
<doc>Waits until element ``locator`` appears on current page.</doc>
<arguments>
<arg>//*[@class='ui-toast-summary' and normalize-space()='${message}']</arg>
<arg>${shortPeriodOfTime}</arg>
<arg>error=Login successfully should be shown.</arg>
</arguments>
<status status="PASS" starttime="20200515 17:41:26.339" endtime="20200515 17:41:26.352"></status>
</kw>
<kw name="Wait Until Element Is Visible" library="SeleniumLibrary">
<doc>Waits until element ``locator`` is visible.</doc>
<arguments>
<arg>//*[@class='ui-toast-summary' and normalize-space()='${message}']</arg>
<arg>${shortPeriodOfTime}</arg>
<arg>error=Login successfully should be shown.</arg>
</arguments>
<status status="PASS" starttime="20200515 17:41:26.352" endtime="20200515 17:41:26.375"></status>
</kw>
<kw name="Sleep" library="BuiltIn">
<doc>Pauses the test executed for the given time.</doc>
<arguments>
<arg>1</arg>
</arguments>
<msg timestamp="20200515 17:41:27.375" level="INFO">Slept 1 second</msg>
<status status="PASS" starttime="20200515 17:41:26.375" endtime="20200515 17:41:27.375"></status>
</kw>
<status status="PASS" starttime="20200515 17:41:26.339" endtime="20200515 17:41:27.375"></status>
</kw>
<kw name="Click Button After It Is Visible" library="Keyword">
<arguments>
<arg>//button[normalize-space()='Logout']</arg>
</arguments>
<kw name="Wait Until Element Is Visible On Page" library="Keyword">
<arguments>
<arg>${xpath}</arg>
<arg>${shortPeriodOfTime}</arg>
<arg>error=Login successfully should be shown.</arg>
</arguments>
<kw name="Wait Until Page Contains Element" library="SeleniumLibrary">
<doc>Waits until element ``locator`` appears on current page.</doc>
<arguments>
<arg>${xpath}</arg>
<arg>${timeout}</arg>
<arg>${error}</arg>
</arguments>
<status status="PASS" starttime="20200515 17:41:27.377" endtime="20200515 17:41:27.388"></status>
</kw>
<kw name="Wait Until Element Is Visible" library="SeleniumLibrary">
<doc>Waits until element ``locator`` is visible.</doc>
<arguments>
<arg>${xpath}</arg>
<arg>${timeout}</arg>
<arg>${error}</arg>
</arguments>
<status status="PASS" starttime="20200515 17:41:27.388" endtime="20200515 17:41:27.406"></status>
</kw>
<status status="PASS" starttime="20200515 17:41:27.376" endtime="20200515 17:41:27.407"></status>
</kw>
<kw name="Click Button" library="SeleniumLibrary">
<doc>Clicks button identified by ``locator``.</doc>
<arguments>
<arg>${xpath}</arg>
</arguments>
<msg timestamp="20200515 17:41:27.407" level="INFO">Clicking button '//button[normalize-space()='Logout']'.</msg>
<status status="PASS" starttime="20200515 17:41:27.407" endtime="20200515 17:41:27.465"></status>
</kw>
<kw name="Sleep" library="BuiltIn">
<doc>Pauses the test executed for the given time.</doc>
<arguments>
<arg>1</arg>
</arguments>
<msg timestamp="20200515 17:41:28.466" level="INFO">Slept 1 second</msg>
<status status="PASS" starttime="20200515 17:41:27.466" endtime="20200515 17:41:28.467"></status>
</kw>
<status status="PASS" starttime="20200515 17:41:27.376" endtime="20200515 17:41:28.468"></status>
</kw>
<kw name="Wait Until Element Is Visible On Page" library="Keyword">
<arguments>
<arg>//h3[normalize-space()='Login']</arg>
<arg>timeout=${shortPeriodOfTime}</arg>
<arg>error=Logout is not success.</arg>
</arguments>
<kw name="Wait Until Page Contains Element" library="SeleniumLibrary">
<doc>Waits until element ``locator`` appears on current page.</doc>
<arguments>
<arg>${xpath}</arg>
<arg>${timeout}</arg>
<arg>${error}</arg>
</arguments>
<status status="PASS" starttime="20200515 17:41:28.471" endtime="20200515 17:41:28.501"></status>
</kw>
<kw name="Wait Until Element Is Visible" library="SeleniumLibrary">
<doc>Waits until element ``locator`` is visible.</doc>
<arguments>
<arg>${xpath}</arg>
<arg>${timeout}</arg>
<arg>${error}</arg>
</arguments>
<status status="PASS" starttime="20200515 17:41:28.502" endtime="20200515 17:41:28.556"></status>
</kw>
<status status="PASS" starttime="20200515 17:41:28.468" endtime="20200515 17:41:28.558"></status>
</kw>
<kw name="Close Browser" library="SeleniumLibrary" type="teardown">
<doc>Closes the current browser.</doc>
<status status="PASS" starttime="20200515 17:41:28.559" endtime="20200515 17:41:30.731"></status>
</kw>
<status status="PASS" starttime="20200515 17:41:17.224" endtime="20200515 17:41:30.732" critical="yes"></status>
</test>
<status status="PASS" starttime="20200515 17:41:17.200" endtime="20200515 17:41:30.733"></status>
</suite>
<suite id="s1-s4" name="TC04-Test for Doctor create an account Fail" source="C:\Users\mark\Desktop\miis-master\Project AT test\TC04-Test for Doctor create an account Fail.robot">
<test id="s1-s4-t1" name="Test for Doctor create an account Fail">
<kw name="Run Keywords" library="BuiltIn" type="setup">
<doc>Executes all the given keywords in a sequence.</doc>
<arguments>
<arg>Open Browser</arg>
<arg>http://localhost:4200/</arg>
<arg>chrome</arg>
<arg>AND</arg>
<arg>Maximize Browser Window</arg>
</arguments>
<kw name="Open Browser" library="SeleniumLibrary">
<doc>Opens a new browser instance to the given ``url``.</doc>
<arguments>
<arg>http://localhost:4200/</arg>
<arg>chrome</arg>
</arguments>
<msg timestamp="20200515 17:41:30.756" level="INFO">Opening browser 'chrome' to base url 'http://localhost:4200/'.</msg>
<status status="PASS" starttime="20200515 17:41:30.755" endtime="20200515 17:41:35.170"></status>
</kw>
<kw name="Maximize Browser Window" library="SeleniumLibrary">
<doc>Maximizes current browser window.</doc>
<status status="PASS" starttime="20200515 17:41:35.170" endtime="20200515 17:41:36.296"></status>
</kw>
<status status="PASS" starttime="20200515 17:41:30.753" endtime="20200515 17:41:36.296"></status>
</kw>
<kw name="Login To The Page" library="Keyword">
<arguments>
<arg>userName=&amp;{doctorAccount}[userName]</arg>
<arg>password=&amp;{doctorAccount}[password]</arg>
</arguments>
<kw name="Input Text" library="SeleniumLibrary">
<doc>Types the given ``text`` into text field identified by ``locator``.</doc>
<arguments>
<arg>id=float-inputUser</arg>
<arg>${userName}</arg>
</arguments>
<msg timestamp="20200515 17:41:36.298" level="INFO">Typing text 'F129642705' into text field 'id=float-inputUser'.</msg>
<status status="PASS" starttime="20200515 17:41:36.297" endtime="20200515 17:41:36.506"></status>
</kw>
<kw name="Sleep" library="BuiltIn">
<doc>Pauses the test executed for the given time.</doc>
<arguments>
<arg>1</arg>
</arguments>
<msg timestamp="20200515 17:41:37.509" level="INFO">Slept 1 second</msg>
<status status="PASS" starttime="20200515 17:41:36.506" endtime="20200515 17:41:37.511"></status>
</kw>
<kw name="Run Keyword If" library="BuiltIn">
<doc>Runs the given keyword with the given arguments, if ``condition`` is true.</doc>
<arguments>
<arg>'${password}'!='${EMPTY}'</arg>
<arg>Input Text</arg>
<arg>id=float-inputPass</arg>
<arg>${password}</arg>
</arguments>
<kw name="Input Text" library="SeleniumLibrary">
<doc>Types the given ``text`` into text field identified by ``locator``.</doc>
<arguments>
<arg>id=float-inputPass</arg>
<arg>${password}</arg>
</arguments>
<msg timestamp="20200515 17:41:37.517" level="INFO">Typing text '1224' into text field 'id=float-inputPass'.</msg>
<status status="PASS" starttime="20200515 17:41:37.515" endtime="20200515 17:41:37.632"></status>
</kw>
<status status="PASS" starttime="20200515 17:41:37.513" endtime="20200515 17:41:37.632"></status>
</kw>
<kw name="Click Button After It Is Visible" library="Keyword">
<arguments>
<arg>//button[normalize-space()='Login']</arg>
</arguments>
<kw name="Wait Until Element Is Visible On Page" library="Keyword">
<arguments>
<arg>${xpath}</arg>
<arg>${shortPeriodOfTime}</arg>
<arg>error=Login successfully should be shown.</arg>
</arguments>
<kw name="Wait Until Page Contains Element" library="SeleniumLibrary">
<doc>Waits until element ``locator`` appears on current page.</doc>
<arguments>
<arg>${xpath}</arg>
<arg>${timeout}</arg>
<arg>${error}</arg>
</arguments>
<status status="PASS" starttime="20200515 17:41:37.634" endtime="20200515 17:41:37.645"></status>
</kw>
<kw name="Wait Until Element Is Visible" library="SeleniumLibrary">
<doc>Waits until element ``locator`` is visible.</doc>
<arguments>
<arg>${xpath}</arg>
<arg>${timeout}</arg>
<arg>${error}</arg>
</arguments>
<status status="PASS" starttime="20200515 17:41:37.645" endtime="20200515 17:41:37.680"></status>
</kw>
<status status="PASS" starttime="20200515 17:41:37.633" endtime="20200515 17:41:37.681"></status>
</kw>
<kw name="Click Button" library="SeleniumLibrary">
<doc>Clicks button identified by ``locator``.</doc>
<arguments>
<arg>${xpath}</arg>
</arguments>
<msg timestamp="20200515 17:41:37.681" level="INFO">Clicking button '//button[normalize-space()='Login']'.</msg>
<status status="PASS" starttime="20200515 17:41:37.681" endtime="20200515 17:41:37.786"></status>
</kw>
<kw name="Sleep" library="BuiltIn">
<doc>Pauses the test executed for the given time.</doc>
<arguments>
<arg>1</arg>
</arguments>
<msg timestamp="20200515 17:41:38.789" level="INFO">Slept 1 second</msg>
<status status="PASS" starttime="20200515 17:41:37.787" endtime="20200515 17:41:38.790"></status>
</kw>
<status status="PASS" starttime="20200515 17:41:37.633" endtime="20200515 17:41:38.791"></status>
</kw>
<kw name="Sleep" library="BuiltIn">
<doc>Pauses the test executed for the given time.</doc>
<arguments>
<arg>1</arg>
</arguments>
<msg timestamp="20200515 17:41:39.794" level="INFO">Slept 1 second</msg>
<status status="PASS" starttime="20200515 17:41:38.793" endtime="20200515 17:41:39.795"></status>
</kw>
<status status="PASS" starttime="20200515 17:41:36.297" endtime="20200515 17:41:39.796"></status>
</kw>
<kw name="Success Should be Visible" library="Keyword">
<arguments>
<arg>Login successfully</arg>
</arguments>
<kw name="Wait Until Page Contains Element" library="SeleniumLibrary">
<doc>Waits until element ``locator`` appears on current page.</doc>
<arguments>
<arg>//*[@class='ui-toast-summary' and normalize-space()='${message}']</arg>
<arg>${shortPeriodOfTime}</arg>
<arg>error=Login successfully should be shown.</arg>
</arguments>
<status status="PASS" starttime="20200515 17:41:39.799" endtime="20200515 17:41:39.829"></status>
</kw>
<kw name="Wait Until Element Is Visible" library="SeleniumLibrary">
<doc>Waits until element ``locator`` is visible.</doc>
<arguments>
<arg>//*[@class='ui-toast-summary' and normalize-space()='${message}']</arg>
<arg>${shortPeriodOfTime}</arg>
<arg>error=Login successfully should be shown.</arg>
</arguments>
<status status="PASS" starttime="20200515 17:41:39.830" endtime="20200515 17:41:39.869"></status>
</kw>
<kw name="Sleep" library="BuiltIn">
<doc>Pauses the test executed for the given time.</doc>
<arguments>
<arg>1</arg>
</arguments>
<msg timestamp="20200515 17:41:40.870" level="INFO">Slept 1 second</msg>
<status status="PASS" starttime="20200515 17:41:39.870" endtime="20200515 17:41:40.871"></status>
</kw>
<status status="PASS" starttime="20200515 17:41:39.797" endtime="20200515 17:41:40.872"></status>
</kw>
<kw name="Click Tab" library="Keyword">
<arguments>
<arg>User Account Management</arg>
</arguments>
<kw name="Mouse Over" library="SeleniumLibrary">
<doc>Simulates hovering mouse over the element ``locator``.</doc>
<arguments>
<arg>//*[@class='ui-menuitem-link ui-corner-all ng-star-inserted']//*[normalize-space()='FHIR']</arg>
</arguments>
<msg timestamp="20200515 17:41:40.877" level="INFO">Simulating Mouse Over on element '//*[@class='ui-menuitem-link ui-corner-all ng-star-inserted']//*[normalize-space()='FHIR']'.</msg>
<status status="PASS" starttime="20200515 17:41:40.876" endtime="20200515 17:41:41.223"></status>
</kw>
<kw name="Sleep" library="BuiltIn">
<doc>Pauses the test executed for the given time.</doc>
<arguments>
<arg>1</arg>
</arguments>
<msg timestamp="20200515 17:41:42.225" level="INFO">Slept 1 second</msg>
<status status="PASS" starttime="20200515 17:41:41.223" endtime="20200515 17:41:42.225"></status>
</kw>
<kw name="Run Keyword If" library="BuiltIn">
<doc>Runs the given keyword with the given arguments, if ``condition`` is true.</doc>
<arguments>
<arg>'${subTabName}' != '${EMPTY}'</arg>
<arg>Run Keywords</arg>
<arg>Mouse Over</arg>
<arg>//*[@class='ui-menuitem-link ui-corner-all ng-star-inserted']//*[normalize-space()='${tabName}']</arg>
<arg>AND</arg>
<arg>Click Element After It Is Visible</arg>
<arg>//*[@class='ui-menuitem-link ui-corner-all ng-star-inserted']//*[normalize-space()='${subTabName}']</arg>
<arg>AND</arg>
<arg>Wait Until Element Is Visible On Page</arg>
<arg>//*[contains(@class,'ng-star-inserted')]//div[normalize-space()='${subTabName}']</arg>
<arg>${shortPeriodOfTime}</arg>
<arg>error=should be visible.</arg>
<arg>ELSE</arg>
<arg>Click Element After It Is Visible</arg>
<arg>//*[@class='ui-menuitem-link ui-corner-all ng-star-inserted']//*[normalize-space()='${tabName}']</arg>
</arguments>
<kw name="Click Element After It Is Visible" library="Keyword">
<arguments>
<arg>//*[@class='ui-menuitem-link ui-corner-all ng-star-inserted']//*[normalize-space()='${tabName}']</arg>
</arguments>
<kw name="Wait Until Element Is Visible On Page" library="Keyword">
<arguments>
<arg>${xpath}</arg>
<arg>${shortPeriodOfTime}</arg>
<arg>error=Element is not visible.</arg>
</arguments>
<kw name="Wait Until Page Contains Element" library="SeleniumLibrary">
<doc>Waits until element ``locator`` appears on current page.</doc>
<arguments>
<arg>${xpath}</arg>
<arg>${timeout}</arg>
<arg>${error}</arg>
</arguments>
<status status="PASS" starttime="20200515 17:41:42.232" endtime="20200515 17:41:42.259"></status>
</kw>
<kw name="Wait Until Element Is Visible" library="SeleniumLibrary">
<doc>Waits until element ``locator`` is visible.</doc>
<arguments>
<arg>${xpath}</arg>
<arg>${timeout}</arg>
<arg>${error}</arg>
</arguments>
<status status="PASS" starttime="20200515 17:41:42.259" endtime="20200515 17:41:42.307"></status>
</kw>
<status status="PASS" starttime="20200515 17:41:42.230" endtime="20200515 17:41:42.308"></status>
</kw>
<kw name="Click Element" library="SeleniumLibrary">
<doc>Click element identified by ``locator``.</doc>
<arguments>
<arg>${xpath}</arg>
</arguments>
<msg timestamp="20200515 17:41:42.310" level="INFO">Clicking element '//*[@class='ui-menuitem-link ui-corner-all ng-star-inserted']//*[normalize-space()='User Account Management']'.</msg>
<status status="PASS" starttime="20200515 17:41:42.309" endtime="20200515 17:41:42.447"></status>
</kw>
<kw name="Sleep" library="BuiltIn">
<doc>Pauses the test executed for the given time.</doc>
<arguments>
<arg>1</arg>
</arguments>
<msg timestamp="20200515 17:41:43.449" level="INFO">Slept 1 second</msg>
<status status="PASS" starttime="20200515 17:41:42.448" endtime="20200515 17:41:43.449"></status>
</kw>
<status status="PASS" starttime="20200515 17:41:42.229" endtime="20200515 17:41:43.449"></status>
</kw>
<status status="PASS" starttime="20200515 17:41:42.226" endtime="20200515 17:41:43.450"></status>
</kw>
<status status="PASS" starttime="20200515 17:41:40.874" endtime="20200515 17:41:43.450"></status>
</kw>
<kw name="Click Element After It Is Visible" library="Keyword">
<arguments>
<arg>//button[normalize-space()='Add an account']</arg>
</arguments>
<kw name="Wait Until Element Is Visible On Page" library="Keyword">
<arguments>
<arg>${xpath}</arg>
<arg>${shortPeriodOfTime}</arg>
<arg>error=Element is not visible.</arg>
</arguments>
<kw name="Wait Until Page Contains Element" library="SeleniumLibrary">
<doc>Waits until element ``locator`` appears on current page.</doc>
<arguments>
<arg>${xpath}</arg>
<arg>${timeout}</arg>
<arg>${error}</arg>
</arguments>
<status status="PASS" starttime="20200515 17:41:43.451" endtime="20200515 17:41:43.461"></status>
</kw>
<kw name="Wait Until Element Is Visible" library="SeleniumLibrary">
<doc>Waits until element ``locator`` is visible.</doc>
<arguments>
<arg>${xpath}</arg>
<arg>${timeout}</arg>
<arg>${error}</arg>
</arguments>
<status status="PASS" starttime="20200515 17:41:43.461" endtime="20200515 17:41:43.480"></status>
</kw>
<status status="PASS" starttime="20200515 17:41:43.450" endtime="20200515 17:41:43.481"></status>
</kw>
<kw name="Click Element" library="SeleniumLibrary">
<doc>Click element identified by ``locator``.</doc>
<arguments>
<arg>${xpath}</arg>
</arguments>
<msg timestamp="20200515 17:41:43.481" level="INFO">Clicking element '//button[normalize-space()='Add an account']'.</msg>
<status status="PASS" starttime="20200515 17:41:43.481" endtime="20200515 17:41:43.563"></status>
</kw>
<kw name="Sleep" library="BuiltIn">
<doc>Pauses the test executed for the given time.</doc>
<arguments>
<arg>1</arg>
</arguments>
<msg timestamp="20200515 17:41:44.564" level="INFO">Slept 1 second</msg>
<status status="PASS" starttime="20200515 17:41:43.563" endtime="20200515 17:41:44.564"></status>
</kw>
<status status="PASS" starttime="20200515 17:41:43.450" endtime="20200515 17:41:44.564"></status>
</kw>
<kw name="Set Create Account Info">
<kw name="Input Text" library="SeleniumLibrary">
<doc>Types the given ``text`` into text field identified by ``locator``.</doc>
<arguments>
<arg>id=name</arg>
<arg>testForRobotCreatePatient</arg>
</arguments>
<msg timestamp="20200515 17:41:44.566" level="INFO">Typing text 'testForRobotCreatePatient' into text field 'id=name'.</msg>
<status status="PASS" starttime="20200515 17:41:44.566" endtime="20200515 17:41:44.816"></status>
</kw>
<kw name="Select Dropdown By Name" library="Keyword">
<arguments>
<arg>Gender</arg>
<arg>Male</arg>
</arguments>
<kw name="Create Dictionary" library="BuiltIn">
<doc>Creates and returns a dictionary based on the given ``items``.</doc>
<arguments>
<arg>DeviceName=device</arg>
<arg>Quantity=quantity</arg>
<arg>Subject=Select subject</arg>
<arg>Doctor=Select doctor</arg>
<arg>Time=Select time</arg>
<arg>Gender=gender</arg>
<arg>Role=Patient</arg>
<arg>Condition=condition</arg>
<arg>Medications=medication</arg>
</arguments>
<assign>
<var>&amp;{newFieldNames}</var>
</assign>
<msg timestamp="20200515 17:41:44.818" level="INFO">&amp;{newFieldNames} = { DeviceName=device | Quantity=quantity | Subject=Select subject | Doctor=Select doctor | Time=Select time | Gender=gender | Role=Patient | Condition=condition | Medications=medication }</msg>
<status status="PASS" starttime="20200515 17:41:44.817" endtime="20200515 17:41:44.819"></status>
</kw>
<kw name="Run Keyword If" library="BuiltIn">
<doc>Runs the given keyword with the given arguments, if ``condition`` is true.</doc>
<arguments>
<arg>'${default}'=='${EMPTY}'</arg>
<arg>Click Element After It Is Visible</arg>
<arg>//div[normalize-space()='${fieldName}']//./following-sibling::*//div[contains(normalize-space(),'&amp;{newFieldNames}[${fieldName}]')]</arg>
<arg>ELSE</arg>
<arg>Click Element After It Is Visible</arg>
<arg>//div[normalize-space()='${fieldName}']//./following-sibling::*//div[contains(normalize-space(),'${default}')]</arg>
</arguments>
<kw name="Click Element After It Is Visible" library="Keyword">
<arguments>
<arg>//div[normalize-space()='${fieldName}']//./following-sibling::*//div[contains(normalize-space(),'&amp;{newFieldNames}[${fieldName}]')]</arg>
</arguments>
<kw name="Wait Until Element Is Visible On Page" library="Keyword">
<arguments>
<arg>${xpath}</arg>
<arg>${shortPeriodOfTime}</arg>
<arg>error=Element is not visible.</arg>
</arguments>
<kw name="Wait Until Page Contains Element" library="SeleniumLibrary">
<doc>Waits until element ``locator`` appears on current page.</doc>
<arguments>
<arg>${xpath}</arg>
<arg>${timeout}</arg>
<arg>${error}</arg>
</arguments>
<status status="PASS" starttime="20200515 17:41:44.820" endtime="20200515 17:41:44.831"></status>
</kw>
<kw name="Wait Until Element Is Visible" library="SeleniumLibrary">
<doc>Waits until element ``locator`` is visible.</doc>
<arguments>
<arg>${xpath}</arg>
<arg>${timeout}</arg>
<arg>${error}</arg>
</arguments>
<status status="PASS" starttime="20200515 17:41:44.832" endtime="20200515 17:41:44.852"></status>
</kw>
<status status="PASS" starttime="20200515 17:41:44.820" endtime="20200515 17:41:44.853"></status>
</kw>
<kw name="Click Element" library="SeleniumLibrary">
<doc>Click element identified by ``locator``.</doc>
<arguments>
<arg>${xpath}</arg>
</arguments>
<msg timestamp="20200515 17:41:44.853" level="INFO">Clicking element '//div[normalize-space()='Gender']//./following-sibling::*//div[contains(normalize-space(),'gender')]'.</msg>
<status status="PASS" starttime="20200515 17:41:44.853" endtime="20200515 17:41:44.923"></status>
</kw>
<kw name="Sleep" library="BuiltIn">
<doc>Pauses the test executed for the given time.</doc>
<arguments>
<arg>1</arg>
</arguments>
<msg timestamp="20200515 17:41:45.923" level="INFO">Slept 1 second</msg>
<status status="PASS" starttime="20200515 17:41:44.923" endtime="20200515 17:41:45.923"></status>
</kw>
<status status="PASS" starttime="20200515 17:41:44.819" endtime="20200515 17:41:45.924"></status>
</kw>
<status status="PASS" starttime="20200515 17:41:44.819" endtime="20200515 17:41:45.924"></status>
</kw>
<kw name="Wait Until Element Is Visible On Page" library="Keyword">
<arguments>
<arg>//*[contains(@class, 'ui-dropdown-items ui-dropdown-list')]</arg>
<arg>timeout=${shortPeriodOfTime}</arg>
<arg>error=`${dropdownName}` select dropdown should be visible.</arg>
</arguments>
<kw name="Wait Until Page Contains Element" library="SeleniumLibrary">
<doc>Waits until element ``locator`` appears on current page.</doc>
<arguments>
<arg>${xpath}</arg>
<arg>${timeout}</arg>
<arg>${error}</arg>
</arguments>
<status status="PASS" starttime="20200515 17:41:45.926" endtime="20200515 17:41:45.945"></status>
</kw>
<kw name="Wait Until Element Is Visible" library="SeleniumLibrary">
<doc>Waits until element ``locator`` is visible.</doc>
<arguments>
<arg>${xpath}</arg>
<arg>${timeout}</arg>
<arg>${error}</arg>
</arguments>
<status status="PASS" starttime="20200515 17:41:45.945" endtime="20200515 17:41:45.965"></status>
</kw>
<status status="PASS" starttime="20200515 17:41:45.925" endtime="20200515 17:41:45.965"></status>
</kw>
<kw name="Click Element After It Is Visible" library="Keyword">
<arguments>
<arg>//*[contains(@class,'ng-star-inserted')]//li[normalize-space()='${dropdownName}']</arg>
</arguments>
<kw name="Wait Until Element Is Visible On Page" library="Keyword">
<arguments>
<arg>${xpath}</arg>
<arg>${shortPeriodOfTime}</arg>
<arg>error=Element is not visible.</arg>
</arguments>
<kw name="Wait Until Page Contains Element" library="SeleniumLibrary">
<doc>Waits until element ``locator`` appears on current page.</doc>
<arguments>
<arg>${xpath}</arg>
<arg>${timeout}</arg>
<arg>${error}</arg>
</arguments>
<status status="PASS" starttime="20200515 17:41:45.967" endtime="20200515 17:41:45.977"></status>
</kw>
<kw name="Wait Until Element Is Visible" library="SeleniumLibrary">
<doc>Waits until element ``locator`` is visible.</doc>
<arguments>
<arg>${xpath}</arg>
<arg>${timeout}</arg>
<arg>${error}</arg>
</arguments>
<status status="PASS" starttime="20200515 17:41:45.978" endtime="20200515 17:41:45.997"></status>
</kw>
<status status="PASS" starttime="20200515 17:41:45.966" endtime="20200515 17:41:45.997"></status>
</kw>
<kw name="Click Element" library="SeleniumLibrary">
<doc>Click element identified by ``locator``.</doc>
<arguments>
<arg>${xpath}</arg>
</arguments>
<msg timestamp="20200515 17:41:45.998" level="INFO">Clicking element '//*[contains(@class,'ng-star-inserted')]//li[normalize-space()='Male']'.</msg>
<status status="PASS" starttime="20200515 17:41:45.997" endtime="20200515 17:41:46.046"></status>
</kw>
<kw name="Sleep" library="BuiltIn">
<doc>Pauses the test executed for the given time.</doc>
<arguments>
<arg>1</arg>
</arguments>
<msg timestamp="20200515 17:41:47.048" level="INFO">Slept 1 second</msg>
<status status="PASS" starttime="20200515 17:41:46.046" endtime="20200515 17:41:47.049"></status>
</kw>
<status status="PASS" starttime="20200515 17:41:45.966" endtime="20200515 17:41:47.050"></status>
</kw>
<kw name="Wait Until Element Is Visible On Page" library="Keyword">
<arguments>
<arg>//*[contains(@class,'ui-dropdown-label') and normalize-space()='${dropdownName}']</arg>
<arg>timeout=${shortPeriodOfTime}</arg>
<arg>error=`${dropdownName}` dropdown should be selected.</arg>
</arguments>
<kw name="Wait Until Page Contains Element" library="SeleniumLibrary">
<doc>Waits until element ``locator`` appears on current page.</doc>
<arguments>
<arg>${xpath}</arg>
<arg>${timeout}</arg>
<arg>${error}</arg>
</arguments>
<status status="PASS" starttime="20200515 17:41:47.054" endtime="20200515 17:41:47.094"></status>
</kw>
<kw name="Wait Until Element Is Visible" library="SeleniumLibrary">
<doc>Waits until element ``locator`` is visible.</doc>
<arguments>
<arg>${xpath}</arg>
<arg>${timeout}</arg>
<arg>${error}</arg>
</arguments>
<status status="PASS" starttime="20200515 17:41:47.095" endtime="20200515 17:41:47.159"></status>
</kw>
<status status="PASS" starttime="20200515 17:41:47.051" endtime="20200515 17:41:47.159"></status>
</kw>
<status status="PASS" starttime="20200515 17:41:44.817" endtime="20200515 17:41:47.160"></status>
</kw>
<kw name="Select Dropdown By Name" library="Keyword">
<arguments>
<arg>Role</arg>
<arg>Patient</arg>
</arguments>
<kw name="Create Dictionary" library="BuiltIn">
<doc>Creates and returns a dictionary based on the given ``items``.</doc>
<arguments>
<arg>DeviceName=device</arg>
<arg>Quantity=quantity</arg>
<arg>Subject=Select subject</arg>
<arg>Doctor=Select doctor</arg>
<arg>Time=Select time</arg>
<arg>Gender=gender</arg>
<arg>Role=Patient</arg>
<arg>Condition=condition</arg>
<arg>Medications=medication</arg>
</arguments>
<assign>
<var>&amp;{newFieldNames}</var>
</assign>
<msg timestamp="20200515 17:41:47.164" level="INFO">&amp;{newFieldNames} = { DeviceName=device | Quantity=quantity | Subject=Select subject | Doctor=Select doctor | Time=Select time | Gender=gender | Role=Patient | Condition=condition | Medications=medication }</msg>
<status status="PASS" starttime="20200515 17:41:47.162" endtime="20200515 17:41:47.164"></status>
</kw>
<kw name="Run Keyword If" library="BuiltIn">
<doc>Runs the given keyword with the given arguments, if ``condition`` is true.</doc>
<arguments>
<arg>'${default}'=='${EMPTY}'</arg>
<arg>Click Element After It Is Visible</arg>
<arg>//div[normalize-space()='${fieldName}']//./following-sibling::*//div[contains(normalize-space(),'&amp;{newFieldNames}[${fieldName}]')]</arg>
<arg>ELSE</arg>
<arg>Click Element After It Is Visible</arg>
<arg>//div[normalize-space()='${fieldName}']//./following-sibling::*//div[contains(normalize-space(),'${default}')]</arg>
</arguments>
<kw name="Click Element After It Is Visible" library="Keyword">
<arguments>
<arg>//div[normalize-space()='${fieldName}']//./following-sibling::*//div[contains(normalize-space(),'&amp;{newFieldNames}[${fieldName}]')]</arg>
</arguments>
<kw name="Wait Until Element Is Visible On Page" library="Keyword">
<arguments>
<arg>${xpath}</arg>
<arg>${shortPeriodOfTime}</arg>
<arg>error=Element is not visible.</arg>
</arguments>
<kw name="Wait Until Page Contains Element" library="SeleniumLibrary">
<doc>Waits until element ``locator`` appears on current page.</doc>
<arguments>
<arg>${xpath}</arg>
<arg>${timeout}</arg>
<arg>${error}</arg>
</arguments>
<status status="PASS" starttime="20200515 17:41:47.169" endtime="20200515 17:41:47.194"></status>
</kw>
<kw name="Wait Until Element Is Visible" library="SeleniumLibrary">
<doc>Waits until element ``locator`` is visible.</doc>
<arguments>
<arg>${xpath}</arg>
<arg>${timeout}</arg>
<arg>${error}</arg>
</arguments>
<status status="PASS" starttime="20200515 17:41:47.195" endtime="20200515 17:41:47.240"></status>
</kw>
<status status="PASS" starttime="20200515 17:41:47.167" endtime="20200515 17:41:47.240"></status>
</kw>
<kw name="Click Element" library="SeleniumLibrary">
<doc>Click element identified by ``locator``.</doc>
<arguments>
<arg>${xpath}</arg>
</arguments>
<msg timestamp="20200515 17:41:47.241" level="INFO">Clicking element '//div[normalize-space()='Role']//./following-sibling::*//div[contains(normalize-space(),'Patient')]'.</msg>
<status status="PASS" starttime="20200515 17:41:47.241" endtime="20200515 17:41:47.327"></status>
</kw>
<kw name="Sleep" library="BuiltIn">
<doc>Pauses the test executed for the given time.</doc>
<arguments>
<arg>1</arg>
</arguments>
<msg timestamp="20200515 17:41:48.329" level="INFO">Slept 1 second</msg>
<status status="PASS" starttime="20200515 17:41:47.328" endtime="20200515 17:41:48.330"></status>
</kw>
<status status="PASS" starttime="20200515 17:41:47.166" endtime="20200515 17:41:48.332"></status>
</kw>
<status status="PASS" starttime="20200515 17:41:47.165" endtime="20200515 17:41:48.333"></status>
</kw>
<kw name="Wait Until Element Is Visible On Page" library="Keyword">
<arguments>
<arg>//*[contains(@class, 'ui-dropdown-items ui-dropdown-list')]</arg>
<arg>timeout=${shortPeriodOfTime}</arg>
<arg>error=`${dropdownName}` select dropdown should be visible.</arg>
</arguments>
<kw name="Wait Until Page Contains Element" library="SeleniumLibrary">
<doc>Waits until element ``locator`` appears on current page.</doc>
<arguments>
<arg>${xpath}</arg>
<arg>${timeout}</arg>
<arg>${error}</arg>
</arguments>
<status status="PASS" starttime="20200515 17:41:48.338" endtime="20200515 17:41:48.357"></status>
</kw>
<kw name="Wait Until Element Is Visible" library="SeleniumLibrary">
<doc>Waits until element ``locator`` is visible.</doc>
<arguments>
<arg>${xpath}</arg>
<arg>${timeout}</arg>
<arg>${error}</arg>
</arguments>
<status status="PASS" starttime="20200515 17:41:48.358" endtime="20200515 17:41:48.397"></status>
</kw>
<status status="PASS" starttime="20200515 17:41:48.335" endtime="20200515 17:41:48.398"></status>
</kw>
<kw name="Click Element After It Is Visible" library="Keyword">
<arguments>
<arg>//*[contains(@class,'ng-star-inserted')]//li[normalize-space()='${dropdownName}']</arg>
</arguments>
<kw name="Wait Until Element Is Visible On Page" library="Keyword">
<arguments>
<arg>${xpath}</arg>
<arg>${shortPeriodOfTime}</arg>
<arg>error=Element is not visible.</arg>
</arguments>
<kw name="Wait Until Page Contains Element" library="SeleniumLibrary">
<doc>Waits until element ``locator`` appears on current page.</doc>
<arguments>
<arg>${xpath}</arg>
<arg>${timeout}</arg>
<arg>${error}</arg>
</arguments>
<status status="PASS" starttime="20200515 17:41:48.401" endtime="20200515 17:41:48.423"></status>
</kw>
<kw name="Wait Until Element Is Visible" library="SeleniumLibrary">
<doc>Waits until element ``locator`` is visible.</doc>
<arguments>
<arg>${xpath}</arg>
<arg>${timeout}</arg>
<arg>${error}</arg>
</arguments>
<status status="PASS" starttime="20200515 17:41:48.424" endtime="20200515 17:41:48.455"></status>
</kw>
<status status="PASS" starttime="20200515 17:41:48.400" endtime="20200515 17:41:48.456"></status>
</kw>
<kw name="Click Element" library="SeleniumLibrary">
<doc>Click element identified by ``locator``.</doc>
<arguments>
<arg>${xpath}</arg>
</arguments>
<msg timestamp="20200515 17:41:48.456" level="INFO">Clicking element '//*[contains(@class,'ng-star-inserted')]//li[normalize-space()='Patient']'.</msg>
<status status="PASS" starttime="20200515 17:41:48.456" endtime="20200515 17:41:48.511"></status>
</kw>
<kw name="Sleep" library="BuiltIn">
<doc>Pauses the test executed for the given time.</doc>
<arguments>
<arg>1</arg>
</arguments>
<msg timestamp="20200515 17:41:49.513" level="INFO">Slept 1 second</msg>
<status status="PASS" starttime="20200515 17:41:48.512" endtime="20200515 17:41:49.513"></status>
</kw>
<status status="PASS" starttime="20200515 17:41:48.398" endtime="20200515 17:41:49.514"></status>
</kw>
<kw name="Wait Until Element Is Visible On Page" library="Keyword">
<arguments>
<arg>//*[contains(@class,'ui-dropdown-label') and normalize-space()='${dropdownName}']</arg>
<arg>timeout=${shortPeriodOfTime}</arg>
<arg>error=`${dropdownName}` dropdown should be selected.</arg>
</arguments>
<kw name="Wait Until Page Contains Element" library="SeleniumLibrary">
<doc>Waits until element ``locator`` appears on current page.</doc>
<arguments>
<arg>${xpath}</arg>
<arg>${timeout}</arg>
<arg>${error}</arg>
</arguments>
<status status="PASS" starttime="20200515 17:41:49.516" endtime="20200515 17:41:49.527"></status>
</kw>
<kw name="Wait Until Element Is Visible" library="SeleniumLibrary">
<doc>Waits until element ``locator`` is visible.</doc>
<arguments>
<arg>${xpath}</arg>
<arg>${timeout}</arg>
<arg>${error}</arg>
</arguments>
<status status="PASS" starttime="20200515 17:41:49.527" endtime="20200515 17:41:49.547"></status>
</kw>
<status status="PASS" starttime="20200515 17:41:49.515" endtime="20200515 17:41:49.548"></status>
</kw>
<status status="PASS" starttime="20200515 17:41:47.161" endtime="20200515 17:41:49.548"></status>
</kw>
<kw name="Select Calender day" library="Keyword">
<arguments>
<arg>BirthDate</arg>
<arg>15</arg>
</arguments>
<kw name="Click Element After It Is Visible" library="Keyword">
<arguments>
<arg>//div[normalize-space()='${fieldname}']//./following-sibling::*//p-calendar</arg>
</arguments>
<kw name="Wait Until Element Is Visible On Page" library="Keyword">
<arguments>
<arg>${xpath}</arg>
<arg>${shortPeriodOfTime}</arg>
<arg>error=Element is not visible.</arg>
</arguments>
<kw name="Wait Until Page Contains Element" library="SeleniumLibrary">
<doc>Waits until element ``locator`` appears on current page.</doc>
<arguments>
<arg>${xpath}</arg>
<arg>${timeout}</arg>
<arg>${error}</arg>
</arguments>
<status status="PASS" starttime="20200515 17:41:49.549" endtime="20200515 17:41:49.560"></status>
</kw>
<kw name="Wait Until Element Is Visible" library="SeleniumLibrary">
<doc>Waits until element ``locator`` is visible.</doc>
<arguments>
<arg>${xpath}</arg>
<arg>${timeout}</arg>
<arg>${error}</arg>
</arguments>
<status status="PASS" starttime="20200515 17:41:49.560" endtime="20200515 17:41:49.579"></status>
</kw>
<status status="PASS" starttime="20200515 17:41:49.549" endtime="20200515 17:41:49.580"></status>
</kw>
<kw name="Click Element" library="SeleniumLibrary">
<doc>Click element identified by ``locator``.</doc>
<arguments>
<arg>${xpath}</arg>
</arguments>
<msg timestamp="20200515 17:41:49.580" level="INFO">Clicking element '//div[normalize-space()='BirthDate']//./following-sibling::*//p-calendar'.</msg>
<status status="PASS" starttime="20200515 17:41:49.580" endtime="20200515 17:41:49.673"></status>
</kw>
<kw name="Sleep" library="BuiltIn">
<doc>Pauses the test executed for the given time.</doc>
<arguments>
<arg>1</arg>
</arguments>
<msg timestamp="20200515 17:41:50.675" level="INFO">Slept 1 second</msg>
<status status="PASS" starttime="20200515 17:41:49.673" endtime="20200515 17:41:50.675"></status>
</kw>
<status status="PASS" starttime="20200515 17:41:49.549" endtime="20200515 17:41:50.675"></status>
</kw>
<kw name="Click Element After It Is Visible" library="Keyword">
<arguments>
<arg>//td[contains(@class,'ng-star-inserted') and normalize-space()='${day}']</arg>
</arguments>
<kw name="Wait Until Element Is Visible On Page" library="Keyword">
<arguments>
<arg>${xpath}</arg>
<arg>${shortPeriodOfTime}</arg>
<arg>error=Element is not visible.</arg>
</arguments>
<kw name="Wait Until Page Contains Element" library="SeleniumLibrary">
<doc>Waits until element ``locator`` appears on current page.</doc>
<arguments>
<arg>${xpath}</arg>
<arg>${timeout}</arg>
<arg>${error}</arg>
</arguments>
<status status="PASS" starttime="20200515 17:41:50.676" endtime="20200515 17:41:50.691"></status>
</kw>
<kw name="Wait Until Element Is Visible" library="SeleniumLibrary">
<doc>Waits until element ``locator`` is visible.</doc>
<arguments>
<arg>${xpath}</arg>
<arg>${timeout}</arg>
<arg>${error}</arg>
</arguments>
<status status="PASS" starttime="20200515 17:41:50.691" endtime="20200515 17:41:50.725"></status>
</kw>
<status status="PASS" starttime="20200515 17:41:50.676" endtime="20200515 17:41:50.725"></status>
</kw>
<kw name="Click Element" library="SeleniumLibrary">
<doc>Click element identified by ``locator``.</doc>
<arguments>
<arg>${xpath}</arg>
</arguments>
<msg timestamp="20200515 17:41:50.726" level="INFO">Clicking element '//td[contains(@class,'ng-star-inserted') and normalize-space()='15']'.</msg>
<status status="PASS" starttime="20200515 17:41:50.726" endtime="20200515 17:41:50.784"></status>
</kw>
<kw name="Sleep" library="BuiltIn">
<doc>Pauses the test executed for the given time.</doc>
<arguments>
<arg>1</arg>
</arguments>
<msg timestamp="20200515 17:41:51.787" level="INFO">Slept 1 second</msg>
<status status="PASS" starttime="20200515 17:41:50.784" endtime="20200515 17:41:51.788"></status>
</kw>
<status status="PASS" starttime="20200515 17:41:50.676" endtime="20200515 17:41:51.789"></status>
</kw>
<status status="PASS" starttime="20200515 17:41:49.548" endtime="20200515 17:41:51.790"></status>
</kw>
<kw name="Input Text" library="SeleniumLibrary">
<doc>Types the given ``text`` into text field identified by ``locator``.</doc>
<arguments>
<arg>id=email</arg>
<arg>testForRobot@gmail.com</arg>
</arguments>
<msg timestamp="20200515 17:41:51.794" level="INFO">Typing text 'testForRobot@gmail.com' into text field 'id=email'.</msg>
<status status="PASS" starttime="20200515 17:41:51.792" endtime="20200515 17:41:52.079"></status>
</kw>
<kw name="Input Text" library="SeleniumLibrary">
<doc>Types the given ``text`` into text field identified by ``locator``.</doc>
<arguments>
<arg>id=address</arg>
<arg>板橋1111號11樓</arg>
</arguments>
<msg timestamp="20200515 17:41:52.079" level="INFO">Typing text '板橋1111號11樓' into text field 'id=address'.</msg>
<status status="PASS" starttime="20200515 17:41:52.079" endtime="20200515 17:41:52.213"></status>
</kw>
<status status="PASS" starttime="20200515 17:41:44.565" endtime="20200515 17:41:52.214"></status>
</kw>
<kw name="Click Save Button And Show Fail V2" library="Keyword">
<kw name="Click Element After It Is Visible" library="Keyword">
<arguments>
<arg>//span[normalize-space()='Save']</arg>
</arguments>
<kw name="Wait Until Element Is Visible On Page" library="Keyword">
<arguments>
<arg>${xpath}</arg>
<arg>${shortPeriodOfTime}</arg>
<arg>error=Element is not visible.</arg>
</arguments>
<kw name="Wait Until Page Contains Element" library="SeleniumLibrary">
<doc>Waits until element ``locator`` appears on current page.</doc>
<arguments>
<arg>${xpath}</arg>
<arg>${timeout}</arg>
<arg>${error}</arg>
</arguments>
<status status="PASS" starttime="20200515 17:41:52.215" endtime="20200515 17:41:52.227"></status>
</kw>
<kw name="Wait Until Element Is Visible" library="SeleniumLibrary">
<doc>Waits until element ``locator`` is visible.</doc>
<arguments>
<arg>${xpath}</arg>
<arg>${timeout}</arg>
<arg>${error}</arg>
</arguments>
<status status="PASS" starttime="20200515 17:41:52.227" endtime="20200515 17:41:52.248"></status>
</kw>
<status status="PASS" starttime="20200515 17:41:52.215" endtime="20200515 17:41:52.248"></status>
</kw>
<kw name="Click Element" library="SeleniumLibrary">
<doc>Click element identified by ``locator``.</doc>
<arguments>
<arg>${xpath}</arg>
</arguments>
<msg timestamp="20200515 17:41:52.249" level="INFO">Clicking element '//span[normalize-space()='Save']'.</msg>
<status status="PASS" starttime="20200515 17:41:52.249" endtime="20200515 17:41:52.305"></status>
</kw>
<kw name="Sleep" library="BuiltIn">
<doc>Pauses the test executed for the given time.</doc>
<arguments>
<arg>1</arg>
</arguments>
<msg timestamp="20200515 17:41:53.308" level="INFO">Slept 1 second</msg>
<status status="PASS" starttime="20200515 17:41:52.306" endtime="20200515 17:41:53.309"></status>
</kw>
<status status="PASS" starttime="20200515 17:41:52.214" endtime="20200515 17:41:53.310"></status>
</kw>
<kw name="Success Should be Visible" library="Keyword">
<arguments>
<arg>Save failed</arg>
</arguments>
<kw name="Wait Until Page Contains Element" library="SeleniumLibrary">
<doc>Waits until element ``locator`` appears on current page.</doc>
<arguments>
<arg>//*[@class='ui-toast-summary' and normalize-space()='${message}']</arg>
<arg>${shortPeriodOfTime}</arg>
<arg>error=Login successfully should be shown.</arg>
</arguments>
<status status="PASS" starttime="20200515 17:41:53.313" endtime="20200515 17:41:53.354"></status>
</kw>
<kw name="Wait Until Element Is Visible" library="SeleniumLibrary">
<doc>Waits until element ``locator`` is visible.</doc>
<arguments>
<arg>//*[@class='ui-toast-summary' and normalize-space()='${message}']</arg>
<arg>${shortPeriodOfTime}</arg>
<arg>error=Login successfully should be shown.</arg>
</arguments>
<status status="PASS" starttime="20200515 17:41:53.355" endtime="20200515 17:41:53.394"></status>
</kw>
<kw name="Sleep" library="BuiltIn">
<doc>Pauses the test executed for the given time.</doc>
<arguments>
<arg>1</arg>
</arguments>
<msg timestamp="20200515 17:41:54.396" level="INFO">Slept 1 second</msg>
<status status="PASS" starttime="20200515 17:41:53.394" endtime="20200515 17:41:54.397"></status>
</kw>
<status status="PASS" starttime="20200515 17:41:53.311" endtime="20200515 17:41:54.398"></status>
</kw>
<status status="PASS" starttime="20200515 17:41:52.214" endtime="20200515 17:41:54.400"></status>
</kw>
<kw name="Close Browser" library="SeleniumLibrary" type="teardown">
<doc>Closes the current browser.</doc>
<status status="PASS" starttime="20200515 17:41:54.401" endtime="20200515 17:41:56.586"></status>
</kw>
<status status="PASS" starttime="20200515 17:41:30.752" endtime="20200515 17:41:56.588" critical="yes"></status>
</test>
<status status="PASS" starttime="20200515 17:41:30.737" endtime="20200515 17:41:56.591"></status>
</suite>
<suite id="s1-s5" name="TC05-Test For Patient Should Only See Self On Account Page" source="C:\Users\mark\Desktop\miis-master\Project AT test\TC05-Test For Patient Should Only See Self On Account Page.robot">
<test id="s1-s5-t1" name="Test For Patient Should Only See Self On Account Page">
<kw name="Run Keywords" library="BuiltIn" type="setup">
<doc>Executes all the given keywords in a sequence.</doc>
<arguments>
<arg>Open Browser</arg>
<arg>http://localhost:4200/</arg>
<arg>chrome</arg>
<arg>AND</arg>
<arg>Maximize Browser Window</arg>
</arguments>
<kw name="Open Browser" library="SeleniumLibrary">
<doc>Opens a new browser instance to the given ``url``.</doc>
<arguments>
<arg>http://localhost:4200/</arg>
<arg>chrome</arg>
</arguments>
<msg timestamp="20200515 17:41:56.629" level="INFO">Opening browser 'chrome' to base url 'http://localhost:4200/'.</msg>
<status status="PASS" starttime="20200515 17:41:56.628" endtime="20200515 17:42:01.093"></status>
</kw>
<kw name="Maximize Browser Window" library="SeleniumLibrary">
<doc>Maximizes current browser window.</doc>
<status status="PASS" starttime="20200515 17:42:01.093" endtime="20200515 17:42:02.247"></status>
</kw>
<status status="PASS" starttime="20200515 17:41:56.627" endtime="20200515 17:42:02.247"></status>
</kw>
<kw name="Login To The Page" library="Keyword">
<arguments>
<arg>userName=&amp;{patientAccount}[userName]</arg>
<arg>password=&amp;{patientAccount}[password]</arg>
</arguments>
<kw name="Input Text" library="SeleniumLibrary">
<doc>Types the given ``text`` into text field identified by ``locator``.</doc>
<arguments>
<arg>id=float-inputUser</arg>
<arg>${userName}</arg>
</arguments>
<msg timestamp="20200515 17:42:02.249" level="INFO">Typing text 'F129642702' into text field 'id=float-inputUser'.</msg>
<status status="PASS" starttime="20200515 17:42:02.248" endtime="20200515 17:42:02.425"></status>
</kw>
<kw name="Sleep" library="BuiltIn">
<doc>Pauses the test executed for the given time.</doc>
<arguments>
<arg>1</arg>
</arguments>
<msg timestamp="20200515 17:42:03.426" level="INFO">Slept 1 second</msg>
<status status="PASS" starttime="20200515 17:42:02.425" endtime="20200515 17:42:03.426"></status>
</kw>
<kw name="Run Keyword If" library="BuiltIn">
<doc>Runs the given keyword with the given arguments, if ``condition`` is true.</doc>
<arguments>
<arg>'${password}'!='${EMPTY}'</arg>
<arg>Input Text</arg>
<arg>id=float-inputPass</arg>
<arg>${password}</arg>
</arguments>
<kw name="Input Text" library="SeleniumLibrary">
<doc>Types the given ``text`` into text field identified by ``locator``.</doc>
<arguments>
<arg>id=float-inputPass</arg>
<arg>${password}</arg>
</arguments>
<msg timestamp="20200515 17:42:03.427" level="INFO">Typing text '1224' into text field 'id=float-inputPass'.</msg>
<status status="PASS" starttime="20200515 17:42:03.427" endtime="20200515 17:42:03.537"></status>
</kw>
<status status="PASS" starttime="20200515 17:42:03.426" endtime="20200515 17:42:03.538"></status>
</kw>
<kw name="Click Button After It Is Visible" library="Keyword">
<arguments>
<arg>//button[normalize-space()='Login']</arg>
</arguments>
<kw name="Wait Until Element Is Visible On Page" library="Keyword">
<arguments>
<arg>${xpath}</arg>
<arg>${shortPeriodOfTime}</arg>
<arg>error=Login successfully should be shown.</arg>
</arguments>
<kw name="Wait Until Page Contains Element" library="SeleniumLibrary">
<doc>Waits until element ``locator`` appears on current page.</doc>
<arguments>
<arg>${xpath}</arg>
<arg>${timeout}</arg>
<arg>${error}</arg>
</arguments>
<status status="PASS" starttime="20200515 17:42:03.539" endtime="20200515 17:42:03.551"></status>
</kw>
<kw name="Wait Until Element Is Visible" library="SeleniumLibrary">
<doc>Waits until element ``locator`` is visible.</doc>
<arguments>
<arg>${xpath}</arg>
<arg>${timeout}</arg>
<arg>${error}</arg>
</arguments>
<status status="PASS" starttime="20200515 17:42:03.551" endtime="20200515 17:42:03.577"></status>
</kw>
<status status="PASS" starttime="20200515 17:42:03.538" endtime="20200515 17:42:03.578"></status>
</kw>
<kw name="Click Button" library="SeleniumLibrary">
<doc>Clicks button identified by ``locator``.</doc>
<arguments>
<arg>${xpath}</arg>
</arguments>
<msg timestamp="20200515 17:42:03.578" level="INFO">Clicking button '//button[normalize-space()='Login']'.</msg>
<status status="PASS" starttime="20200515 17:42:03.578" endtime="20200515 17:42:03.681"></status>
</kw>
<kw name="Sleep" library="BuiltIn">
<doc>Pauses the test executed for the given time.</doc>
<arguments>
<arg>1</arg>
</arguments>
<msg timestamp="20200515 17:42:04.683" level="INFO">Slept 1 second</msg>
<status status="PASS" starttime="20200515 17:42:03.681" endtime="20200515 17:42:04.684"></status>
</kw>
<status status="PASS" starttime="20200515 17:42:03.538" endtime="20200515 17:42:04.685"></status>
</kw>
<kw name="Sleep" library="BuiltIn">
<doc>Pauses the test executed for the given time.</doc>
<arguments>
<arg>1</arg>
</arguments>
<msg timestamp="20200515 17:42:05.689" level="INFO">Slept 1 second</msg>
<status status="PASS" starttime="20200515 17:42:04.686" endtime="20200515 17:42:05.689"></status>
</kw>
<status status="PASS" starttime="20200515 17:42:02.248" endtime="20200515 17:42:05.690"></status>
</kw>
<kw name="Success Should be Visible" library="Keyword">
<arguments>
<arg>Login successfully</arg>
</arguments>
<kw name="Wait Until Page Contains Element" library="SeleniumLibrary">
<doc>Waits until element ``locator`` appears on current page.</doc>
<arguments>
<arg>//*[@class='ui-toast-summary' and normalize-space()='${message}']</arg>
<arg>${shortPeriodOfTime}</arg>
<arg>error=Login successfully should be shown.</arg>
</arguments>
<status status="PASS" starttime="20200515 17:42:05.692" endtime="20200515 17:42:05.715"></status>
</kw>
<kw name="Wait Until Element Is Visible" library="SeleniumLibrary">
<doc>Waits until element ``locator`` is visible.</doc>
<arguments>
<arg>//*[@class='ui-toast-summary' and normalize-space()='${message}']</arg>
<arg>${shortPeriodOfTime}</arg>
<arg>error=Login successfully should be shown.</arg>
</arguments>
<status status="PASS" starttime="20200515 17:42:05.716" endtime="20200515 17:42:05.763"></status>
</kw>
<kw name="Sleep" library="BuiltIn">
<doc>Pauses the test executed for the given time.</doc>
<arguments>
<arg>1</arg>
</arguments>
<msg timestamp="20200515 17:42:06.766" level="INFO">Slept 1 second</msg>
<status status="PASS" starttime="20200515 17:42:05.764" endtime="20200515 17:42:06.766"></status>
</kw>
<status status="PASS" starttime="20200515 17:42:05.691" endtime="20200515 17:42:06.766"></status>
</kw>
<kw name="Click Tab" library="Keyword">
<arguments>
<arg>User Account Management</arg>
</arguments>
<kw name="Mouse Over" library="SeleniumLibrary">
<doc>Simulates hovering mouse over the element ``locator``.</doc>
<arguments>
<arg>//*[@class='ui-menuitem-link ui-corner-all ng-star-inserted']//*[normalize-space()='FHIR']</arg>
</arguments>
<msg timestamp="20200515 17:42:06.767" level="INFO">Simulating Mouse Over on element '//*[@class='ui-menuitem-link ui-corner-all ng-star-inserted']//*[normalize-space()='FHIR']'.</msg>
<status status="PASS" starttime="20200515 17:42:06.767" endtime="20200515 17:42:07.047"></status>
</kw>
<kw name="Sleep" library="BuiltIn">
<doc>Pauses the test executed for the given time.</doc>
<arguments>
<arg>1</arg>
</arguments>
<msg timestamp="20200515 17:42:08.049" level="INFO">Slept 1 second</msg>
<status status="PASS" starttime="20200515 17:42:07.047" endtime="20200515 17:42:08.049"></status>
</kw>
<kw name="Run Keyword If" library="BuiltIn">
<doc>Runs the given keyword with the given arguments, if ``condition`` is true.</doc>
<arguments>
<arg>'${subTabName}' != '${EMPTY}'</arg>
<arg>Run Keywords</arg>
<arg>Mouse Over</arg>
<arg>//*[@class='ui-menuitem-link ui-corner-all ng-star-inserted']//*[normalize-space()='${tabName}']</arg>
<arg>AND</arg>
<arg>Click Element After It Is Visible</arg>
<arg>//*[@class='ui-menuitem-link ui-corner-all ng-star-inserted']//*[normalize-space()='${subTabName}']</arg>
<arg>AND</arg>
<arg>Wait Until Element Is Visible On Page</arg>
<arg>//*[contains(@class,'ng-star-inserted')]//div[normalize-space()='${subTabName}']</arg>
<arg>${shortPeriodOfTime}</arg>
<arg>error=should be visible.</arg>
<arg>ELSE</arg>
<arg>Click Element After It Is Visible</arg>
<arg>//*[@class='ui-menuitem-link ui-corner-all ng-star-inserted']//*[normalize-space()='${tabName}']</arg>
</arguments>
<kw name="Click Element After It Is Visible" library="Keyword">
<arguments>
<arg>//*[@class='ui-menuitem-link ui-corner-all ng-star-inserted']//*[normalize-space()='${tabName}']</arg>
</arguments>
<kw name="Wait Until Element Is Visible On Page" library="Keyword">
<arguments>
<arg>${xpath}</arg>
<arg>${shortPeriodOfTime}</arg>
<arg>error=Element is not visible.</arg>
</arguments>
<kw name="Wait Until Page Contains Element" library="SeleniumLibrary">
<doc>Waits until element ``locator`` appears on current page.</doc>
<arguments>
<arg>${xpath}</arg>
<arg>${timeout}</arg>
<arg>${error}</arg>
</arguments>
<status status="PASS" starttime="20200515 17:42:08.050" endtime="20200515 17:42:08.061"></status>
</kw>
<kw name="Wait Until Element Is Visible" library="SeleniumLibrary">
<doc>Waits until element ``locator`` is visible.</doc>
<arguments>
<arg>${xpath}</arg>
<arg>${timeout}</arg>
<arg>${error}</arg>
</arguments>
<status status="PASS" starttime="20200515 17:42:08.061" endtime="20200515 17:42:08.081"></status>
</kw>
<status status="PASS" starttime="20200515 17:42:08.050" endtime="20200515 17:42:08.081"></status>
</kw>
<kw name="Click Element" library="SeleniumLibrary">
<doc>Click element identified by ``locator``.</doc>
<arguments>
<arg>${xpath}</arg>
</arguments>
<msg timestamp="20200515 17:42:08.082" level="INFO">Clicking element '//*[@class='ui-menuitem-link ui-corner-all ng-star-inserted']//*[normalize-space()='User Account Management']'.</msg>
<status status="PASS" starttime="20200515 17:42:08.082" endtime="20200515 17:42:08.174"></status>
</kw>
<kw name="Sleep" library="BuiltIn">
<doc>Pauses the test executed for the given time.</doc>
<arguments>
<arg>1</arg>
</arguments>
<msg timestamp="20200515 17:42:09.177" level="INFO">Slept 1 second</msg>
<status status="PASS" starttime="20200515 17:42:08.174" endtime="20200515 17:42:09.177"></status>
</kw>
<status status="PASS" starttime="20200515 17:42:08.049" endtime="20200515 17:42:09.177"></status>
</kw>
<status status="PASS" starttime="20200515 17:42:08.049" endtime="20200515 17:42:09.177"></status>
</kw>
<status status="PASS" starttime="20200515 17:42:06.767" endtime="20200515 17:42:09.177"></status>
</kw>
<kw name="Doctor Should Only See Role Of Patient On Account Page">
<arguments>
<arg>mark_robot</arg>
</arguments>
<kw name="Get WebElements" library="SeleniumLibrary">
<doc>Returns list of WebElement objects matching the ``locator``.</doc>
<arguments>
<arg>//*[contains(@id,'account_userName')]</arg>
</arguments>
<assign>
<var>@{allPatientInfo}</var>
</assign>
<msg timestamp="20200515 17:42:09.189" level="INFO">@{allPatientInfo} = [ &lt;selenium.webdriver.remote.webelement.WebElement (session="a9427aa21b4cb711e9221312a8c5d6cf", element="840dc1b0-a835-4c7b-8105-79071956f378")&gt; ]</msg>
<status status="PASS" starttime="20200515 17:42:09.177" endtime="20200515 17:42:09.189"></status>
</kw>
<kw name="${allPatientInfo} IN [ @{allPatientInfo} ]" type="for">
<kw name="${allPatientInfo} = &lt;selenium.webdriver.remote.webelement.WebElement (session=&quot;a9427aa21b4cb711e9221312a8c5d6cf&quot;, element=&quot;840dc1b0-a835-4c7b-8105-79071956f378&quot;)&gt;" type="foritem">
<kw name="Get Text" library="SeleniumLibrary">
<doc>Returns the text value of element identified by ``locator``.</doc>
<arguments>
<arg>${allPatientInfo}</arg>
</arguments>
<assign>
<var>${patientText}</var>
</assign>
<msg timestamp="20200515 17:42:09.202" level="INFO">${patientText} = mark_robot</msg>
<status status="PASS" starttime="20200515 17:42:09.190" endtime="20200515 17:42:09.202"></status>
</kw>
<kw name="Should Be Equal" library="BuiltIn">
<doc>Fails if the given objects are unequal.</doc>
<arguments>
<arg>${patientText}</arg>
<arg>${patientName}</arg>
</arguments>
<status status="PASS" starttime="20200515 17:42:09.202" endtime="20200515 17:42:09.203"></status>
</kw>
<status status="PASS" starttime="20200515 17:42:09.190" endtime="20200515 17:42:09.203"></status>
</kw>
<status status="PASS" starttime="20200515 17:42:09.189" endtime="20200515 17:42:09.203"></status>
</kw>
<status status="PASS" starttime="20200515 17:42:09.177" endtime="20200515 17:42:09.203"></status>
</kw>
<kw name="Close Browser" library="SeleniumLibrary" type="teardown">
<doc>Closes the current browser.</doc>
<status status="PASS" starttime="20200515 17:42:09.204" endtime="20200515 17:42:11.511"></status>
</kw>
<status status="PASS" starttime="20200515 17:41:56.626" endtime="20200515 17:42:11.512" critical="yes"></status>
</test>
<status status="PASS" starttime="20200515 17:41:56.599" endtime="20200515 17:42:11.515"></status>
</suite>
<suite id="s1-s6" name="TC06-Test For Click Patient Detail Is Correct" source="C:\Users\mark\Desktop\miis-master\Project AT test\TC06-Test For Click Patient Detail Is Correct.robot">
<test id="s1-s6-t1" name="Test For Click Patient Detail Is Correct">
<kw name="Run Keywords" library="BuiltIn" type="setup">
<doc>Executes all the given keywords in a sequence.</doc>
<arguments>
<arg>Open Browser</arg>
<arg>http://localhost:4200/</arg>
<arg>chrome</arg>
<arg>AND</arg>
<arg>Maximize Browser Window</arg>
</arguments>
<kw name="Open Browser" library="SeleniumLibrary">
<doc>Opens a new browser instance to the given ``url``.</doc>
<arguments>
<arg>http://localhost:4200/</arg>
<arg>chrome</arg>
</arguments>
<msg timestamp="20200515 17:42:11.543" level="INFO">Opening browser 'chrome' to base url 'http://localhost:4200/'.</msg>
<status status="PASS" starttime="20200515 17:42:11.543" endtime="20200515 17:42:15.879"></status>
</kw>
<kw name="Maximize Browser Window" library="SeleniumLibrary">
<doc>Maximizes current browser window.</doc>
<status status="PASS" starttime="20200515 17:42:15.879" endtime="20200515 17:42:17.035"></status>
</kw>
<status status="PASS" starttime="20200515 17:42:11.542" endtime="20200515 17:42:17.036"></status>
</kw>
<kw name="Login To The Page" library="Keyword">
<arguments>
<arg>userName=&amp;{patientAccount}[userName]</arg>
<arg>password=&amp;{patientAccount}[password]</arg>
</arguments>
<kw name="Input Text" library="SeleniumLibrary">
<doc>Types the given ``text`` into text field identified by ``locator``.</doc>
<arguments>
<arg>id=float-inputUser</arg>
<arg>${userName}</arg>
</arguments>
<msg timestamp="20200515 17:42:17.039" level="INFO">Typing text 'F129642702' into text field 'id=float-inputUser'.</msg>
<status status="PASS" starttime="20200515 17:42:17.038" endtime="20200515 17:42:17.259"></status>
</kw>
<kw name="Sleep" library="BuiltIn">
<doc>Pauses the test executed for the given time.</doc>
<arguments>
<arg>1</arg>
</arguments>
<msg timestamp="20200515 17:42:18.261" level="INFO">Slept 1 second</msg>
<status status="PASS" starttime="20200515 17:42:17.260" endtime="20200515 17:42:18.261"></status>
</kw>
<kw name="Run Keyword If" library="BuiltIn">
<doc>Runs the given keyword with the given arguments, if ``condition`` is true.</doc>
<arguments>
<arg>'${password}'!='${EMPTY}'</arg>
<arg>Input Text</arg>
<arg>id=float-inputPass</arg>
<arg>${password}</arg>
</arguments>
<kw name="Input Text" library="SeleniumLibrary">
<doc>Types the given ``text`` into text field identified by ``locator``.</doc>
<arguments>
<arg>id=float-inputPass</arg>
<arg>${password}</arg>
</arguments>
<msg timestamp="20200515 17:42:18.265" level="INFO">Typing text '1224' into text field 'id=float-inputPass'.</msg>
<status status="PASS" starttime="20200515 17:42:18.264" endtime="20200515 17:42:18.374"></status>
</kw>
<status status="PASS" starttime="20200515 17:42:18.262" endtime="20200515 17:42:18.374"></status>
</kw>
<kw name="Click Button After It Is Visible" library="Keyword">
<arguments>
<arg>//button[normalize-space()='Login']</arg>
</arguments>
<kw name="Wait Until Element Is Visible On Page" library="Keyword">
<arguments>
<arg>${xpath}</arg>
<arg>${shortPeriodOfTime}</arg>
<arg>error=Login successfully should be shown.</arg>
</arguments>
<kw name="Wait Until Page Contains Element" library="SeleniumLibrary">
<doc>Waits until element ``locator`` appears on current page.</doc>
<arguments>
<arg>${xpath}</arg>
<arg>${timeout}</arg>
<arg>${error}</arg>
</arguments>
<status status="PASS" starttime="20200515 17:42:18.376" endtime="20200515 17:42:18.387"></status>
</kw>
<kw name="Wait Until Element Is Visible" library="SeleniumLibrary">
<doc>Waits until element ``locator`` is visible.</doc>
<arguments>
<arg>${xpath}</arg>
<arg>${timeout}</arg>
<arg>${error}</arg>
</arguments>
<status status="PASS" starttime="20200515 17:42:18.387" endtime="20200515 17:42:18.411"></status>
</kw>
<status status="PASS" starttime="20200515 17:42:18.375" endtime="20200515 17:42:18.411"></status>
</kw>
<kw name="Click Button" library="SeleniumLibrary">
<doc>Clicks button identified by ``locator``.</doc>
<arguments>
<arg>${xpath}</arg>
</arguments>
<msg timestamp="20200515 17:42:18.412" level="INFO">Clicking button '//button[normalize-space()='Login']'.</msg>
<status status="PASS" starttime="20200515 17:42:18.411" endtime="20200515 17:42:18.511"></status>
</kw>
<kw name="Sleep" library="BuiltIn">
<doc>Pauses the test executed for the given time.</doc>
<arguments>
<arg>1</arg>
</arguments>
<msg timestamp="20200515 17:42:19.513" level="INFO">Slept 1 second</msg>
<status status="PASS" starttime="20200515 17:42:18.512" endtime="20200515 17:42:19.513"></status>
</kw>
<status status="PASS" starttime="20200515 17:42:18.375" endtime="20200515 17:42:19.514"></status>
</kw>
<kw name="Sleep" library="BuiltIn">
<doc>Pauses the test executed for the given time.</doc>
<arguments>
<arg>1</arg>
</arguments>
<msg timestamp="20200515 17:42:20.516" level="INFO">Slept 1 second</msg>
<status status="PASS" starttime="20200515 17:42:19.514" endtime="20200515 17:42:20.516"></status>
</kw>
<status status="PASS" starttime="20200515 17:42:17.037" endtime="20200515 17:42:20.516"></status>
</kw>
<kw name="Success Should be Visible" library="Keyword">
<arguments>
<arg>Login successfully</arg>
</arguments>
<kw name="Wait Until Page Contains Element" library="SeleniumLibrary">
<doc>Waits until element ``locator`` appears on current page.</doc>
<arguments>
<arg>//*[@class='ui-toast-summary' and normalize-space()='${message}']</arg>
<arg>${shortPeriodOfTime}</arg>
<arg>error=Login successfully should be shown.</arg>
</arguments>
<status status="PASS" starttime="20200515 17:42:20.518" endtime="20200515 17:42:20.529"></status>
</kw>
<kw name="Wait Until Element Is Visible" library="SeleniumLibrary">
<doc>Waits until element ``locator`` is visible.</doc>
<arguments>
<arg>//*[@class='ui-toast-summary' and normalize-space()='${message}']</arg>
<arg>${shortPeriodOfTime}</arg>
<arg>error=Login successfully should be shown.</arg>
</arguments>
<status status="PASS" starttime="20200515 17:42:20.529" endtime="20200515 17:42:20.553"></status>
</kw>
<kw name="Sleep" library="BuiltIn">
[...]
<arguments>
<arg>1</arg>
</arguments>
<msg timestamp="20200515 17:50:06.627" level="INFO">Slept 1 second</msg>
<status status="PASS" starttime="20200515 17:50:05.625" endtime="20200515 17:50:06.627"></status>
</kw>
<kw name="Run Keyword If" library="BuiltIn">
<doc>Runs the given keyword with the given arguments, if ``condition`` is true.</doc>
<arguments>
<arg>'${subTabName}' != '${EMPTY}'</arg>
<arg>Run Keywords</arg>
<arg>Mouse Over</arg>
<arg>//*[@class='ui-menuitem-link ui-corner-all ng-star-inserted']//*[normalize-space()='${tabName}']</arg>
<arg>AND</arg>
<arg>Click Element After It Is Visible</arg>
<arg>//*[@class='ui-menuitem-link ui-corner-all ng-star-inserted']//*[normalize-space()='${subTabName}']</arg>
<arg>AND</arg>
<arg>Wait Until Element Is Visible On Page</arg>
<arg>//*[contains(@class,'ng-star-inserted')]//div[normalize-space()='${subTabName}']</arg>
<arg>${shortPeriodOfTime}</arg>
<arg>error=should be visible.</arg>
<arg>ELSE</arg>
<arg>Click Element After It Is Visible</arg>
<arg>//*[@class='ui-menuitem-link ui-corner-all ng-star-inserted']//*[normalize-space()='${tabName}']</arg>
</arguments>
<kw name="Run Keywords" library="BuiltIn">
<doc>Executes all the given keywords in a sequence.</doc>
<arguments>
<arg>Mouse Over</arg>
<arg>//*[@class='ui-menuitem-link ui-corner-all ng-star-inserted']//*[normalize-space()='${tabName}']</arg>
<arg>AND</arg>
<arg>Click Element After It Is Visible</arg>
<arg>//*[@class='ui-menuitem-link ui-corner-all ng-star-inserted']//*[normalize-space()='${subTabName}']</arg>
<arg>AND</arg>
<arg>Wait Until Element Is Visible On Page</arg>
<arg>//*[contains(@class,'ng-star-inserted')]//div[normalize-space()='${subTabName}']</arg>
<arg>${shortPeriodOfTime}</arg>
<arg>error=should be visible.</arg>
</arguments>
<kw name="Mouse Over" library="SeleniumLibrary">
<doc>Simulates hovering mouse over the element ``locator``.</doc>
<arguments>
<arg>//*[@class='ui-menuitem-link ui-corner-all ng-star-inserted']//*[normalize-space()='${tabName}']</arg>
</arguments>
<msg timestamp="20200515 17:50:06.629" level="INFO">Simulating Mouse Over on element '//*[@class='ui-menuitem-link ui-corner-all ng-star-inserted']//*[normalize-space()='Online Service']'.</msg>
<status status="PASS" starttime="20200515 17:50:06.629" endtime="20200515 17:50:06.902"></status>
</kw>
<kw name="Click Element After It Is Visible" library="Keyword">
<arguments>
<arg>//*[@class='ui-menuitem-link ui-corner-all ng-star-inserted']//*[normalize-space()='${subTabName}']</arg>
</arguments>
<kw name="Wait Until Element Is Visible On Page" library="Keyword">
<arguments>
<arg>${xpath}</arg>
<arg>${shortPeriodOfTime}</arg>
<arg>error=Element is not visible.</arg>
</arguments>
<kw name="Wait Until Page Contains Element" library="SeleniumLibrary">
<doc>Waits until element ``locator`` appears on current page.</doc>
<arguments>
<arg>${xpath}</arg>
<arg>${timeout}</arg>
<arg>${error}</arg>
</arguments>
<status status="PASS" starttime="20200515 17:50:06.903" endtime="20200515 17:50:06.914"></status>
</kw>
<kw name="Wait Until Element Is Visible" library="SeleniumLibrary">
<doc>Waits until element ``locator`` is visible.</doc>
<arguments>
<arg>${xpath}</arg>
<arg>${timeout}</arg>
<arg>${error}</arg>
</arguments>
<status status="PASS" starttime="20200515 17:50:06.914" endtime="20200515 17:50:06.934"></status>
</kw>
<status status="PASS" starttime="20200515 17:50:06.903" endtime="20200515 17:50:06.934"></status>
</kw>
<kw name="Click Element" library="SeleniumLibrary">
<doc>Click element identified by ``locator``.</doc>
<arguments>
<arg>${xpath}</arg>
</arguments>
<msg timestamp="20200515 17:50:06.935" level="INFO">Clicking element '//*[@class='ui-menuitem-link ui-corner-all ng-star-inserted']//*[normalize-space()='Rental']'.</msg>
<status status="PASS" starttime="20200515 17:50:06.935" endtime="20200515 17:50:07.027"></status>
</kw>
<kw name="Sleep" library="BuiltIn">
<doc>Pauses the test executed for the given time.</doc>
<arguments>
<arg>1</arg>
</arguments>
<msg timestamp="20200515 17:50:08.028" level="INFO">Slept 1 second</msg>
<status status="PASS" starttime="20200515 17:50:07.028" endtime="20200515 17:50:08.028"></status>
</kw>
<status status="PASS" starttime="20200515 17:50:06.902" endtime="20200515 17:50:08.028"></status>
</kw>
<kw name="Wait Until Element Is Visible On Page" library="Keyword">
<arguments>
<arg>//*[contains(@class,'ng-star-inserted')]//div[normalize-space()='${subTabName}']</arg>
<arg>${shortPeriodOfTime}</arg>
<arg>error=should be visible.</arg>
</arguments>
<kw name="Wait Until Page Contains Element" library="SeleniumLibrary">
<doc>Waits until element ``locator`` appears on current page.</doc>
<arguments>
<arg>${xpath}</arg>
<arg>${timeout}</arg>
<arg>${error}</arg>
</arguments>
<status status="PASS" starttime="20200515 17:50:08.029" endtime="20200515 17:50:08.041"></status>
</kw>
<kw name="Wait Until Element Is Visible" library="SeleniumLibrary">
<doc>Waits until element ``locator`` is visible.</doc>
<arguments>
<arg>${xpath}</arg>
<arg>${timeout}</arg>
<arg>${error}</arg>
</arguments>
<status status="PASS" starttime="20200515 17:50:08.041" endtime="20200515 17:50:08.061"></status>
</kw>
<status status="PASS" starttime="20200515 17:50:08.029" endtime="20200515 17:50:08.062"></status>
</kw>
<status status="PASS" starttime="20200515 17:50:06.629" endtime="20200515 17:50:08.062"></status>
</kw>
<status status="PASS" starttime="20200515 17:50:06.628" endtime="20200515 17:50:08.062"></status>
</kw>
<status status="PASS" starttime="20200515 17:50:05.345" endtime="20200515 17:50:08.062"></status>
</kw>
<kw name="Delete A Rental For First List">
<kw name="Get Element Attribute" library="SeleniumLibrary">
<doc>Returns value of ``attribute`` from element ``locator``.</doc>
<arguments>
<arg>(//tr[contains(@class,'ui-selectable-row ng-star-inserted')])[1]</arg>
<arg>id</arg>
</arguments>
<assign>
<var>${id}</var>
</assign>
<msg timestamp="20200515 17:50:08.083" level="INFO">${id} = 1167265</msg>
<status status="PASS" starttime="20200515 17:50:08.063" endtime="20200515 17:50:08.083"></status>
</kw>
<kw name="Click Element After It Is Visible" library="Keyword">
<arguments>
<arg>(//tr[contains(@class,'ui-selectable-row ng-star-inserted')])[1]</arg>
</arguments>
<kw name="Wait Until Element Is Visible On Page" library="Keyword">
<arguments>
<arg>${xpath}</arg>
<arg>${shortPeriodOfTime}</arg>
<arg>error=Element is not visible.</arg>
</arguments>
<kw name="Wait Until Page Contains Element" library="SeleniumLibrary">
<doc>Waits until element ``locator`` appears on current page.</doc>
<arguments>
<arg>${xpath}</arg>
<arg>${timeout}</arg>
<arg>${error}</arg>
</arguments>
<status status="PASS" starttime="20200515 17:50:08.084" endtime="20200515 17:50:08.092"></status>
</kw>
<kw name="Wait Until Element Is Visible" library="SeleniumLibrary">
<doc>Waits until element ``locator`` is visible.</doc>
<arguments>
<arg>${xpath}</arg>
<arg>${timeout}</arg>
<arg>${error}</arg>
</arguments>
<status status="PASS" starttime="20200515 17:50:08.093" endtime="20200515 17:50:08.112"></status>
</kw>
<status status="PASS" starttime="20200515 17:50:08.084" endtime="20200515 17:50:08.112"></status>
</kw>
<kw name="Click Element" library="SeleniumLibrary">
<doc>Click element identified by ``locator``.</doc>
<arguments>
<arg>${xpath}</arg>
</arguments>
<msg timestamp="20200515 17:50:08.113" level="INFO">Clicking element '(//tr[contains(@class,'ui-selectable-row ng-star-inserted')])[1]'.</msg>
<status status="PASS" starttime="20200515 17:50:08.113" endtime="20200515 17:50:08.180"></status>
</kw>
<kw name="Sleep" library="BuiltIn">
<doc>Pauses the test executed for the given time.</doc>
<arguments>
<arg>1</arg>
</arguments>
<msg timestamp="20200515 17:50:09.181" level="INFO">Slept 1 second</msg>
<status status="PASS" starttime="20200515 17:50:08.180" endtime="20200515 17:50:09.181"></status>
</kw>
<status status="PASS" starttime="20200515 17:50:08.084" endtime="20200515 17:50:09.181"></status>
</kw>
<kw name="Wait Until Element Is Visible On Page" library="Keyword">
<arguments>
<arg>//div[normalize-space()='Rental Detail']</arg>
<arg>${shortPeriodOfTime}</arg>
<arg>error=Appointment Detail should be visible.</arg>
</arguments>
<kw name="Wait Until Page Contains Element" library="SeleniumLibrary">
<doc>Waits until element ``locator`` appears on current page.</doc>
<arguments>
<arg>${xpath}</arg>
<arg>${timeout}</arg>
<arg>${error}</arg>
</arguments>
<status status="PASS" starttime="20200515 17:50:09.182" endtime="20200515 17:50:09.193"></status>
</kw>
<kw name="Wait Until Element Is Visible" library="SeleniumLibrary">
<doc>Waits until element ``locator`` is visible.</doc>
<arguments>
<arg>${xpath}</arg>
<arg>${timeout}</arg>
<arg>${error}</arg>
</arguments>
<status status="PASS" starttime="20200515 17:50:09.194" endtime="20200515 17:50:09.243"></status>
</kw>
<status status="PASS" starttime="20200515 17:50:09.182" endtime="20200515 17:50:09.244"></status>
</kw>
<kw name="Click Element After It Is Visible" library="Keyword">
<arguments>
<arg>//span[normalize-space()='Cancel Rental']</arg>
</arguments>
<kw name="Wait Until Element Is Visible On Page" library="Keyword">
<arguments>
<arg>${xpath}</arg>
<arg>${shortPeriodOfTime}</arg>
<arg>error=Element is not visible.</arg>
</arguments>
<kw name="Wait Until Page Contains Element" library="SeleniumLibrary">
<doc>Waits until element ``locator`` appears on current page.</doc>
<arguments>
<arg>${xpath}</arg>
<arg>${timeout}</arg>
<arg>${error}</arg>
</arguments>
<status status="PASS" starttime="20200515 17:50:09.246" endtime="20200515 17:50:09.268"></status>
</kw>
<kw name="Wait Until Element Is Visible" library="SeleniumLibrary">
<doc>Waits until element ``locator`` is visible.</doc>
<arguments>
<arg>${xpath}</arg>
<arg>${timeout}</arg>
<arg>${error}</arg>
</arguments>
<status status="PASS" starttime="20200515 17:50:09.269" endtime="20200515 17:50:09.300"></status>
</kw>
<status status="PASS" starttime="20200515 17:50:09.245" endtime="20200515 17:50:09.300"></status>
</kw>
<kw name="Click Element" library="SeleniumLibrary">
<doc>Click element identified by ``locator``.</doc>
<arguments>
<arg>${xpath}</arg>
</arguments>
<msg timestamp="20200515 17:50:09.301" level="INFO">Clicking element '//span[normalize-space()='Cancel Rental']'.</msg>
<status status="PASS" starttime="20200515 17:50:09.301" endtime="20200515 17:50:09.351"></status>
</kw>
<kw name="Sleep" library="BuiltIn">
<doc>Pauses the test executed for the given time.</doc>
<arguments>
<arg>1</arg>
</arguments>
<msg timestamp="20200515 17:50:10.352" level="INFO">Slept 1 second</msg>
<status status="PASS" starttime="20200515 17:50:09.351" endtime="20200515 17:50:10.353"></status>
</kw>
<status status="PASS" starttime="20200515 17:50:09.244" endtime="20200515 17:50:10.353"></status>
</kw>
<kw name="Click Element After It Is Visible" library="Keyword">
<arguments>
<arg>//span[normalize-space()='Yes']</arg>
</arguments>
<kw name="Wait Until Element Is Visible On Page" library="Keyword">
<arguments>
<arg>${xpath}</arg>
<arg>${shortPeriodOfTime}</arg>
<arg>error=Element is not visible.</arg>
</arguments>
<kw name="Wait Until Page Contains Element" library="SeleniumLibrary">
<doc>Waits until element ``locator`` appears on current page.</doc>
<arguments>
<arg>${xpath}</arg>
<arg>${timeout}</arg>
<arg>${error}</arg>
</arguments>
<status status="PASS" starttime="20200515 17:50:10.357" endtime="20200515 17:50:10.384"></status>
</kw>
<kw name="Wait Until Element Is Visible" library="SeleniumLibrary">
<doc>Waits until element ``locator`` is visible.</doc>
<arguments>
<arg>${xpath}</arg>
<arg>${timeout}</arg>
<arg>${error}</arg>
</arguments>
<status status="PASS" starttime="20200515 17:50:10.385" endtime="20200515 17:50:10.434"></status>
</kw>
<status status="PASS" starttime="20200515 17:50:10.355" endtime="20200515 17:50:10.435"></status>
</kw>
<kw name="Click Element" library="SeleniumLibrary">
<doc>Click element identified by ``locator``.</doc>
<arguments>
<arg>${xpath}</arg>
</arguments>
<msg timestamp="20200515 17:50:10.437" level="INFO">Clicking element '//span[normalize-space()='Yes']'.</msg>
<status status="PASS" starttime="20200515 17:50:10.436" endtime="20200515 17:50:10.531"></status>
</kw>
<kw name="Sleep" library="BuiltIn">
<doc>Pauses the test executed for the given time.</doc>
<arguments>
<arg>1</arg>
</arguments>
<msg timestamp="20200515 17:50:11.533" level="INFO">Slept 1 second</msg>
<status status="PASS" starttime="20200515 17:50:10.531" endtime="20200515 17:50:11.534"></status>
</kw>
<status status="PASS" starttime="20200515 17:50:10.354" endtime="20200515 17:50:11.534"></status>
</kw>
<kw name="Success Should be Visible" library="Keyword">
<arguments>
<arg>Delete successfully</arg>
</arguments>
<kw name="Wait Until Page Contains Element" library="SeleniumLibrary">
<doc>Waits until element ``locator`` appears on current page.</doc>
<arguments>
<arg>//*[@class='ui-toast-summary' and normalize-space()='${message}']</arg>
<arg>${shortPeriodOfTime}</arg>
<arg>error=Login successfully should be shown.</arg>
</arguments>
<status status="PASS" starttime="20200515 17:50:11.536" endtime="20200515 17:50:11.553"></status>
</kw>
<kw name="Wait Until Element Is Visible" library="SeleniumLibrary">
<doc>Waits until element ``locator`` is visible.</doc>
<arguments>
<arg>//*[@class='ui-toast-summary' and normalize-space()='${message}']</arg>
<arg>${shortPeriodOfTime}</arg>
<arg>error=Login successfully should be shown.</arg>
</arguments>
<status status="PASS" starttime="20200515 17:50:11.553" endtime="20200515 17:50:11.576"></status>
</kw>
<kw name="Sleep" library="BuiltIn">
<doc>Pauses the test executed for the given time.</doc>
<arguments>
<arg>1</arg>
</arguments>
<msg timestamp="20200515 17:50:12.578" level="INFO">Slept 1 second</msg>
<status status="PASS" starttime="20200515 17:50:11.576" endtime="20200515 17:50:12.579"></status>
</kw>
<status status="PASS" starttime="20200515 17:50:11.535" endtime="20200515 17:50:12.580"></status>
</kw>
<kw name="Wait Until Element Is Not Visible" library="SeleniumLibrary">
<doc>Waits until element ``locator`` is not visible.</doc>
<arguments>
<arg>id=rental_patientName_${id}</arg>
<arg>timeout=${shortPeriodOfTime}</arg>
<arg>error=Rental Should Be Deleted.</arg>
</arguments>
<status status="PASS" starttime="20200515 17:50:12.582" endtime="20200515 17:50:12.616"></status>
</kw>
<status status="PASS" starttime="20200515 17:50:08.063" endtime="20200515 17:50:12.617"></status>
</kw>
<kw name="Close Browser" library="SeleniumLibrary" type="teardown">
<doc>Closes the current browser.</doc>
<status status="PASS" starttime="20200515 17:50:12.618" endtime="20200515 17:50:14.779"></status>
</kw>
<status status="PASS" starttime="20200515 17:49:55.184" endtime="20200515 17:50:14.781" critical="yes"></status>
</test>
<status status="PASS" starttime="20200515 17:49:55.153" endtime="20200515 17:50:14.784"></status>
</suite>
<status status="PASS" starttime="20200515 17:40:52.790" endtime="20200515 17:50:14.804"></status>
</suite>
<statistics>
<total>
<stat pass="30" fail="0">Critical Tests</stat>
<stat pass="30" fail="0">All Tests</stat>
</total>
<tag>
</tag>
<suite>
<stat pass="30" fail="0" id="s1" name="Project AT test">Project AT test</stat>
<stat pass="1" fail="0" id="s1-s1" name="TC01-Login success test">Project AT test.TC01-Login success test</stat>
<stat pass="1" fail="0" id="s1-s2" name="TC02-Login fail test">Project AT test.TC02-Login fail test</stat>
<stat pass="1" fail="0" id="s1-s3" name="TC03-Log out test">Project AT test.TC03-Log out test</stat>
<stat pass="1" fail="0" id="s1-s4" name="TC04-Test for Doctor create an account Fail">Project AT test.TC04-Test for Doctor create an account Fail</stat>
<stat pass="1" fail="0" id="s1-s5" name="TC05-Test For Patient Should Only See Self On Account Page">Project AT test.TC05-Test For Patient Should Only See Self On Account Page</stat>
<stat pass="1" fail="0" id="s1-s6" name="TC06-Test For Click Patient Detail Is Correct">Project AT test.TC06-Test For Click Patient Detail Is Correct</stat>
<stat pass="1" fail="0" id="s1-s7" name="TC07-Test For Patient Can Edit Address And Email">Project AT test.TC07-Test For Patient Can Edit Address And Email</stat>
<stat pass="1" fail="0" id="s1-s8" name="TC08-Test For Patient Save Failed">Project AT test.TC08-Test For Patient Save Failed</stat>
<stat pass="1" fail="0" id="s1-s9" name="TC09-Test For Doctor Should See Self And Patient In Account Page">Project AT test.TC09-Test For Doctor Should See Self And Patient In Account Page</stat>
<stat pass="1" fail="0" id="s1-s10" name="TC10-Test For Click Doctor Detail Is Correct">Project AT test.TC10-Test For Click Doctor Detail Is Correct</stat>
<stat pass="1" fail="0" id="s1-s11" name="TC11-Test For Docter Can Modify An Account">Project AT test.TC11-Test For Docter Can Modify An Account</stat>
<stat pass="1" fail="0" id="s1-s12" name="TC12-Test For Doctor Save Failed">Project AT test.TC12-Test For Doctor Save Failed</stat>
<stat pass="1" fail="0" id="s1-s13" name="TC13-Test For Admin Disable Account">Project AT test.TC13-Test For Admin Disable Account</stat>
<stat pass="1" fail="0" id="s1-s14" name="TC14-Test for Docter can delete an account">Project AT test.TC14-Test for Docter can delete an account</stat>
<stat pass="1" fail="0" id="s1-s15" name="TC15-Test For Patient Make An Appointment">Project AT test.TC15-Test For Patient Make An Appointment</stat>
<stat pass="1" fail="0" id="s1-s16" name="TC16-Test For Doctor Should Only See Patient In Appointment Page">Project AT test.TC16-Test For Doctor Should Only See Patient In Appointment Page</stat>
<stat pass="1" fail="0" id="s1-s17" name="TC17-Test For Patient Save Failed">Project AT test.TC17-Test For Patient Save Failed</stat>
<stat pass="1" fail="0" id="s1-s18" name="TC18-Test For Patient Should Only See Self In Appointment Page">Project AT test.TC18-Test For Patient Should Only See Self In Appointment Page</stat>
<stat pass="1" fail="0" id="s1-s19" name="TC19-Test For Patient Edit An Appointment">Project AT test.TC19-Test For Patient Edit An Appointment</stat>
<stat pass="1" fail="0" id="s1-s20" name="TC20-Test For Patient Cancel An Appointment">Project AT test.TC20-Test For Patient Cancel An Appointment</stat>
<stat pass="1" fail="0" id="s1-s21" name="TC21-Test For Doctor Cancel An Appointment">Project AT test.TC21-Test For Doctor Cancel An Appointment</stat>
<stat pass="1" fail="0" id="s1-s22" name="TC22-Test For Doctor Can Add Medication">Project AT test.TC22-Test For Doctor Can Add Medication</stat>
<stat pass="1" fail="0" id="s1-s23" name="TC23-Test For Doctor Can Modify Medication">Project AT test.TC23-Test For Doctor Can Modify Medication</stat>
<stat pass="1" fail="0" id="s1-s24" name="TC24-Test For Patient Should Only See Myself In Case Page">Project AT test.TC24-Test For Patient Should Only See Myself In Case Page</stat>
<stat pass="1" fail="0" id="s1-s25" name="TC25-Test For Chart Should Be Visible When User Click Chart">Project AT test.TC25-Test For Chart Should Be Visible When User Click Chart</stat>
<stat pass="1" fail="0" id="s1-s26" name="TC26-Test For Patient Should Only See Myself In Rental Page">Project AT test.TC26-Test For Patient Should Only See Myself In Rental Page</stat>
<stat pass="1" fail="0" id="s1-s27" name="TC27-Test For Patient Make A Rental">Project AT test.TC27-Test For Patient Make A Rental</stat>
<stat pass="1" fail="0" id="s1-s28" name="TC28-Test For Patient Save Failed">Project AT test.TC28-Test For Patient Save Failed</stat>
<stat pass="1" fail="0" id="s1-s29" name="TC29-Test For Start Date And End Date Should Be Expected">Project AT test.TC29-Test For Start Date And End Date Should Be Expected</stat>
<stat pass="1" fail="0" id="s1-s30" name="TC30-Test For Doctor Delete A Rental">Project AT test.TC30-Test For Doctor Delete A Rental</stat>
</suite>
</statistics>
<errors>
</errors>
</robot>
